[2025-05-26 23:56:01] 開始更新股票數據...
[2025-05-26 23:56:01] 這個過程可能需要較長時間，程式會定期保存中間結果
[2025-05-26 23:56:01] 您可以隨時按 Ctrl+C 中斷程式，已處理的數據會被保存
[2025-05-26 23:56:01] 找到 200 支股票
[2025-05-26 23:56:01] 
處理第 1/200 批，股票代碼 1101.TW 到 1101.TW
[2025-05-26 23:56:01] 
正在更新 1101.TW...
[2025-05-26 23:56:01] 
當前請求限制狀態:
GET 請求限制:
  每分鐘: 1/60 (剩餘: 59)
  每小時: 1/360 (剩餘: 359)
  每天: 1/8000 (剩餘: 7999)
[2025-05-26 23:56:03] 更新 1101.TW 時發生錯誤: Too Many Requests. Rate limited. Try after a while.
[2025-05-26 23:56:07] 等待 5 秒後處理下一批...
[2025-05-26 23:56:12] 
處理第 2/200 批，股票代碼 1102.TW 到 1102.TW
[2025-05-26 23:56:12] 
正在更新 1102.TW...
[2025-05-26 23:56:12] 
當前請求限制狀態:
GET 請求限制:
  每分鐘: 2/60 (剩餘: 58)
  每小時: 2/360 (剩餘: 358)
  每天: 2/8000 (剩餘: 7998)
[2025-05-26 23:56:12] 更新 1102.TW 時發生錯誤: Too Many Requests. Rate limited. Try after a while.
[2025-05-26 23:56:15] 等待 5 秒後處理下一批...
[2025-05-26 23:56:19] 
程式被使用者中斷
