[2025-05-27 00:12:56] 開始更新股票數據...
[2025-05-27 00:12:56] 這個過程可能需要較長時間，程式會定期保存中間結果
[2025-05-27 00:12:56] 您可以隨時按 Ctrl+C 中斷程式，已處理的數據會被保存
[2025-05-27 00:12:56] 找到 200 支股票
[2025-05-27 00:12:56] 
處理第 1/200 批，股票代碼 1101.TW 到 1101.TW
[2025-05-27 00:12:56] 
正在更新 1101.TW...
[2025-05-27 00:12:56] 
當前請求限制狀態:
GET 請求限制:
  每分鐘: 1/60 (剩餘: 59)
  每小時: 1/360 (剩餘: 359)
  每天: 1/8000 (剩餘: 7999)
[2025-05-27 00:13:02] 成功更新 1101.TW
[2025-05-27 00:13:07] 已保存 1 筆數據到 data\raw\interim_results_20250527_001256.csv
[2025-05-27 00:13:07] 等待 10 秒後處理下一批...
[2025-05-27 00:13:17] 
處理第 2/200 批，股票代碼 1102.TW 到 1102.TW
[2025-05-27 00:13:17] 
正在更新 1102.TW...
[2025-05-27 00:13:17] 
當前請求限制狀態:
GET 請求限制:
  每分鐘: 2/60 (剩餘: 58)
  每小時: 2/360 (剩餘: 358)
  每天: 2/8000 (剩餘: 7998)
[2025-05-27 00:13:17] 成功更新 1102.TW
[2025-05-27 00:13:23] 已保存 1 筆數據到 data\raw\interim_results_20250527_001256.csv
[2025-05-27 00:13:23] 等待 10 秒後處理下一批...
[2025-05-27 00:13:33] 
處理第 3/200 批，股票代碼 1103.TW 到 1103.TW
[2025-05-27 00:13:33] 
正在更新 1103.TW...
[2025-05-27 00:13:33] 
當前請求限制狀態:
GET 請求限制:
  每分鐘: 3/60 (剩餘: 57)
  每小時: 3/360 (剩餘: 357)
  每天: 3/8000 (剩餘: 7997)
[2025-05-27 00:13:33] 成功更新 1103.TW
[2025-05-27 00:13:38] 已保存 1 筆數據到 data\raw\interim_results_20250527_001256.csv
[2025-05-27 00:13:38] 等待 10 秒後處理下一批...
[2025-05-27 00:13:48] 
處理第 4/200 批，股票代碼 1104.TW 到 1104.TW
[2025-05-27 00:13:48] 
正在更新 1104.TW...
[2025-05-27 00:13:48] 
當前請求限制狀態:
GET 請求限制:
  每分鐘: 4/60 (剩餘: 56)
  每小時: 4/360 (剩餘: 356)
  每天: 4/8000 (剩餘: 7996)
[2025-05-27 00:13:49] 成功更新 1104.TW
[2025-05-27 00:13:54] 已保存 1 筆數據到 data\raw\interim_results_20250527_001256.csv
[2025-05-27 00:13:55] 等待 10 秒後處理下一批...
[2025-05-27 00:14:05] 
處理第 5/200 批，股票代碼 1108.TW 到 1108.TW
[2025-05-27 00:14:05] 
正在更新 1108.TW...
[2025-05-27 00:14:05] 
當前請求限制狀態:
GET 請求限制:
  每分鐘: 4/60 (剩餘: 56)
  每小時: 5/360 (剩餘: 355)
  每天: 5/8000 (剩餘: 7995)
[2025-05-27 00:14:05] 成功更新 1108.TW
[2025-05-27 00:14:10] 已保存 1 筆數據到 data\raw\interim_results_20250527_001256.csv
[2025-05-27 00:14:10] 等待 10 秒後處理下一批...
[2025-05-27 00:14:20] 
處理第 6/200 批，股票代碼 1109.TW 到 1109.TW
[2025-05-27 00:14:20] 
正在更新 1109.TW...
[2025-05-27 00:14:20] 
當前請求限制狀態:
GET 請求限制:
  每分鐘: 4/60 (剩餘: 56)
  每小時: 6/360 (剩餘: 354)
  每天: 6/8000 (剩餘: 7994)
[2025-05-27 00:14:21] 成功更新 1109.TW
[2025-05-27 00:14:26] 已保存 1 筆數據到 data\raw\interim_results_20250527_001256.csv
[2025-05-27 00:14:26] 等待 10 秒後處理下一批...
[2025-05-27 00:14:36] 
處理第 7/200 批，股票代碼 1110.TW 到 1110.TW
[2025-05-27 00:14:36] 
正在更新 1110.TW...
[2025-05-27 00:14:36] 
當前請求限制狀態:
GET 請求限制:
  每分鐘: 4/60 (剩餘: 56)
  每小時: 7/360 (剩餘: 353)
  每天: 7/8000 (剩餘: 7993)
[2025-05-27 00:14:37] 成功更新 1110.TW
[2025-05-27 00:14:42] 已保存 1 筆數據到 data\raw\interim_results_20250527_001256.csv
[2025-05-27 00:14:42] 等待 10 秒後處理下一批...
[2025-05-27 00:14:52] 
處理第 8/200 批，股票代碼 1201.TW 到 1201.TW
[2025-05-27 00:14:52] 
正在更新 1201.TW...
[2025-05-27 00:14:52] 
當前請求限制狀態:
GET 請求限制:
  每分鐘: 4/60 (剩餘: 56)
  每小時: 8/360 (剩餘: 352)
  每天: 8/8000 (剩餘: 7992)
[2025-05-27 00:14:53] 成功更新 1201.TW
[2025-05-27 00:14:58] 已保存 1 筆數據到 data\raw\interim_results_20250527_001256.csv
[2025-05-27 00:14:58] 等待 10 秒後處理下一批...
[2025-05-27 00:15:08] 
處理第 9/200 批，股票代碼 1203.TW 到 1203.TW
[2025-05-27 00:15:08] 
正在更新 1203.TW...
[2025-05-27 00:15:08] 
當前請求限制狀態:
GET 請求限制:
  每分鐘: 4/60 (剩餘: 56)
  每小時: 9/360 (剩餘: 351)
  每天: 9/8000 (剩餘: 7991)
[2025-05-27 00:15:09] 成功更新 1203.TW
[2025-05-27 00:15:14] 已保存 1 筆數據到 data\raw\interim_results_20250527_001256.csv
[2025-05-27 00:15:14] 等待 10 秒後處理下一批...
[2025-05-27 00:15:24] 
處理第 10/200 批，股票代碼 1210.TW 到 1210.TW
[2025-05-27 00:15:24] 
正在更新 1210.TW...
[2025-05-27 00:15:24] 
當前請求限制狀態:
GET 請求限制:
  每分鐘: 4/60 (剩餘: 56)
  每小時: 10/360 (剩餘: 350)
  每天: 10/8000 (剩餘: 7990)
[2025-05-27 00:15:25] 成功更新 1210.TW
[2025-05-27 00:15:30] 已保存 1 筆數據到 data\raw\interim_results_20250527_001256.csv
[2025-05-27 00:15:30] 等待 10 秒後處理下一批...
[2025-05-27 00:15:40] 
處理第 11/200 批，股票代碼 1213.TW 到 1213.TW
[2025-05-27 00:15:40] 
正在更新 1213.TW...
[2025-05-27 00:15:40] 
當前請求限制狀態:
GET 請求限制:
  每分鐘: 4/60 (剩餘: 56)
  每小時: 11/360 (剩餘: 349)
  每天: 11/8000 (剩餘: 7989)
[2025-05-27 00:15:41] 成功更新 1213.TW
[2025-05-27 00:15:46] 已保存 1 筆數據到 data\raw\interim_results_20250527_001256.csv
[2025-05-27 00:15:46] 等待 10 秒後處理下一批...
[2025-05-27 00:15:56] 
處理第 12/200 批，股票代碼 1215.TW 到 1215.TW
[2025-05-27 00:15:56] 
正在更新 1215.TW...
[2025-05-27 00:15:56] 
當前請求限制狀態:
GET 請求限制:
  每分鐘: 4/60 (剩餘: 56)
  每小時: 12/360 (剩餘: 348)
  每天: 12/8000 (剩餘: 7988)
[2025-05-27 00:15:56] 成功更新 1215.TW
[2025-05-27 00:16:02] 已保存 1 筆數據到 data\raw\interim_results_20250527_001256.csv
[2025-05-27 00:16:02] 等待 10 秒後處理下一批...
[2025-05-27 00:16:12] 
處理第 13/200 批，股票代碼 1216.TW 到 1216.TW
[2025-05-27 00:16:12] 
正在更新 1216.TW...
[2025-05-27 00:16:12] 
當前請求限制狀態:
GET 請求限制:
  每分鐘: 4/60 (剩餘: 56)
  每小時: 13/360 (剩餘: 347)
  每天: 13/8000 (剩餘: 7987)
[2025-05-27 00:16:12] 成功更新 1216.TW
[2025-05-27 00:16:18] 已保存 1 筆數據到 data\raw\interim_results_20250527_001256.csv
[2025-05-27 00:16:18] 等待 10 秒後處理下一批...
[2025-05-27 00:16:28] 
處理第 14/200 批，股票代碼 1217.TW 到 1217.TW
[2025-05-27 00:16:28] 
正在更新 1217.TW...
[2025-05-27 00:16:28] 
當前請求限制狀態:
GET 請求限制:
  每分鐘: 4/60 (剩餘: 56)
  每小時: 14/360 (剩餘: 346)
  每天: 14/8000 (剩餘: 7986)
[2025-05-27 00:16:28] 成功更新 1217.TW
[2025-05-27 00:16:34] 已保存 1 筆數據到 data\raw\interim_results_20250527_001256.csv
[2025-05-27 00:16:34] 等待 10 秒後處理下一批...
[2025-05-27 00:16:44] 
處理第 15/200 批，股票代碼 1218.TW 到 1218.TW
[2025-05-27 00:16:44] 
正在更新 1218.TW...
[2025-05-27 00:16:44] 
當前請求限制狀態:
GET 請求限制:
  每分鐘: 4/60 (剩餘: 56)
  每小時: 15/360 (剩餘: 345)
  每天: 15/8000 (剩餘: 7985)
[2025-05-27 00:16:44] 成功更新 1218.TW
[2025-05-27 00:16:49] 已保存 1 筆數據到 data\raw\interim_results_20250527_001256.csv
[2025-05-27 00:16:49] 等待 10 秒後處理下一批...
[2025-05-27 00:16:59] 
處理第 16/200 批，股票代碼 1219.TW 到 1219.TW
[2025-05-27 00:16:59] 
正在更新 1219.TW...
[2025-05-27 00:16:59] 
當前請求限制狀態:
GET 請求限制:
  每分鐘: 4/60 (剩餘: 56)
  每小時: 16/360 (剩餘: 344)
  每天: 16/8000 (剩餘: 7984)
[2025-05-27 00:17:00] 成功更新 1219.TW
[2025-05-27 00:17:05] 已保存 1 筆數據到 data\raw\interim_results_20250527_001256.csv
[2025-05-27 00:17:05] 等待 10 秒後處理下一批...
[2025-05-27 00:17:15] 
處理第 17/200 批，股票代碼 1220.TW 到 1220.TW
[2025-05-27 00:17:15] 
正在更新 1220.TW...
[2025-05-27 00:17:15] 
當前請求限制狀態:
GET 請求限制:
  每分鐘: 4/60 (剩餘: 56)
  每小時: 17/360 (剩餘: 343)
  每天: 17/8000 (剩餘: 7983)
[2025-05-27 00:17:16] 成功更新 1220.TW
[2025-05-27 00:17:21] 已保存 1 筆數據到 data\raw\interim_results_20250527_001256.csv
[2025-05-27 00:17:21] 等待 10 秒後處理下一批...
[2025-05-27 00:17:31] 
處理第 18/200 批，股票代碼 1225.TW 到 1225.TW
[2025-05-27 00:17:31] 
正在更新 1225.TW...
[2025-05-27 00:17:31] 
當前請求限制狀態:
GET 請求限制:
  每分鐘: 4/60 (剩餘: 56)
  每小時: 18/360 (剩餘: 342)
  每天: 18/8000 (剩餘: 7982)
[2025-05-27 00:17:32] 成功更新 1225.TW
[2025-05-27 00:17:37] 已保存 1 筆數據到 data\raw\interim_results_20250527_001256.csv
[2025-05-27 00:17:37] 等待 10 秒後處理下一批...
[2025-05-27 00:17:47] 
處理第 19/200 批，股票代碼 1227.TW 到 1227.TW
[2025-05-27 00:17:47] 
正在更新 1227.TW...
[2025-05-27 00:17:47] 
當前請求限制狀態:
GET 請求限制:
  每分鐘: 4/60 (剩餘: 56)
  每小時: 19/360 (剩餘: 341)
  每天: 19/8000 (剩餘: 7981)
[2025-05-27 00:17:48] 成功更新 1227.TW
[2025-05-27 00:17:53] 已保存 1 筆數據到 data\raw\interim_results_20250527_001256.csv
[2025-05-27 00:17:53] 等待 10 秒後處理下一批...
[2025-05-27 00:18:03] 
處理第 20/200 批，股票代碼 1229.TW 到 1229.TW
[2025-05-27 00:18:03] 
正在更新 1229.TW...
[2025-05-27 00:18:03] 
當前請求限制狀態:
GET 請求限制:
  每分鐘: 4/60 (剩餘: 56)
  每小時: 20/360 (剩餘: 340)
  每天: 20/8000 (剩餘: 7980)
[2025-05-27 00:18:03] 成功更新 1229.TW
[2025-05-27 00:18:09] 已保存 1 筆數據到 data\raw\interim_results_20250527_001256.csv
[2025-05-27 00:18:09] 等待 10 秒後處理下一批...
[2025-05-27 00:18:19] 
處理第 21/200 批，股票代碼 1231.TW 到 1231.TW
[2025-05-27 00:18:19] 
正在更新 1231.TW...
[2025-05-27 00:18:19] 
當前請求限制狀態:
GET 請求限制:
  每分鐘: 4/60 (剩餘: 56)
  每小時: 21/360 (剩餘: 339)
  每天: 21/8000 (剩餘: 7979)
[2025-05-27 00:18:19] 成功更新 1231.TW
[2025-05-27 00:18:25] 已保存 1 筆數據到 data\raw\interim_results_20250527_001256.csv
[2025-05-27 00:18:25] 等待 10 秒後處理下一批...
[2025-05-27 00:18:35] 
處理第 22/200 批，股票代碼 1232.TW 到 1232.TW
[2025-05-27 00:18:35] 
正在更新 1232.TW...
[2025-05-27 00:18:35] 
當前請求限制狀態:
GET 請求限制:
  每分鐘: 4/60 (剩餘: 56)
  每小時: 22/360 (剩餘: 338)
  每天: 22/8000 (剩餘: 7978)
[2025-05-27 00:18:35] 成功更新 1232.TW
[2025-05-27 00:18:41] 已保存 1 筆數據到 data\raw\interim_results_20250527_001256.csv
[2025-05-27 00:18:41] 等待 10 秒後處理下一批...
[2025-05-27 00:18:51] 
處理第 23/200 批，股票代碼 1233.TW 到 1233.TW
[2025-05-27 00:18:51] 
正在更新 1233.TW...
[2025-05-27 00:18:51] 
當前請求限制狀態:
GET 請求限制:
  每分鐘: 4/60 (剩餘: 56)
  每小時: 23/360 (剩餘: 337)
  每天: 23/8000 (剩餘: 7977)
[2025-05-27 00:18:51] 成功更新 1233.TW
[2025-05-27 00:18:56] 已保存 1 筆數據到 data\raw\interim_results_20250527_001256.csv
[2025-05-27 00:18:56] 等待 10 秒後處理下一批...
[2025-05-27 00:19:06] 
處理第 24/200 批，股票代碼 1234.TW 到 1234.TW
[2025-05-27 00:19:06] 
正在更新 1234.TW...
[2025-05-27 00:19:06] 
當前請求限制狀態:
GET 請求限制:
  每分鐘: 4/60 (剩餘: 56)
  每小時: 24/360 (剩餘: 336)
  每天: 24/8000 (剩餘: 7976)
[2025-05-27 00:19:07] 成功更新 1234.TW
[2025-05-27 00:19:12] 已保存 1 筆數據到 data\raw\interim_results_20250527_001256.csv
[2025-05-27 00:19:12] 等待 10 秒後處理下一批...
[2025-05-27 00:19:22] 
處理第 25/200 批，股票代碼 1235.TW 到 1235.TW
[2025-05-27 00:19:22] 
正在更新 1235.TW...
[2025-05-27 00:19:22] 
當前請求限制狀態:
GET 請求限制:
  每分鐘: 4/60 (剩餘: 56)
  每小時: 25/360 (剩餘: 335)
  每天: 25/8000 (剩餘: 7975)
[2025-05-27 00:19:23] 成功更新 1235.TW
[2025-05-27 00:19:28] 已保存 1 筆數據到 data\raw\interim_results_20250527_001256.csv
[2025-05-27 00:19:28] 等待 10 秒後處理下一批...
[2025-05-27 00:19:38] 
處理第 26/200 批，股票代碼 1236.TW 到 1236.TW
[2025-05-27 00:19:38] 
正在更新 1236.TW...
[2025-05-27 00:19:38] 
當前請求限制狀態:
GET 請求限制:
  每分鐘: 4/60 (剩餘: 56)
  每小時: 26/360 (剩餘: 334)
  每天: 26/8000 (剩餘: 7974)
[2025-05-27 00:19:39] 成功更新 1236.TW
[2025-05-27 00:19:44] 已保存 1 筆數據到 data\raw\interim_results_20250527_001256.csv
[2025-05-27 00:19:44] 等待 10 秒後處理下一批...
[2025-05-27 00:19:54] 
處理第 27/200 批，股票代碼 1256.TW 到 1256.TW
[2025-05-27 00:19:54] 
正在更新 1256.TW...
[2025-05-27 00:19:54] 
當前請求限制狀態:
GET 請求限制:
  每分鐘: 4/60 (剩餘: 56)
  每小時: 27/360 (剩餘: 333)
  每天: 27/8000 (剩餘: 7973)
[2025-05-27 00:19:55] 成功更新 1256.TW
[2025-05-27 00:20:00] 已保存 1 筆數據到 data\raw\interim_results_20250527_001256.csv
[2025-05-27 00:20:00] 等待 10 秒後處理下一批...
[2025-05-27 00:20:10] 
處理第 28/200 批，股票代碼 1301.TW 到 1301.TW
[2025-05-27 00:20:10] 
正在更新 1301.TW...
[2025-05-27 00:20:10] 
當前請求限制狀態:
GET 請求限制:
  每分鐘: 4/60 (剩餘: 56)
  每小時: 28/360 (剩餘: 332)
  每天: 28/8000 (剩餘: 7972)
[2025-05-27 00:20:11] 成功更新 1301.TW
[2025-05-27 00:20:16] 已保存 1 筆數據到 data\raw\interim_results_20250527_001256.csv
[2025-05-27 00:20:16] 等待 10 秒後處理下一批...
[2025-05-27 00:20:26] 
處理第 29/200 批，股票代碼 1303.TW 到 1303.TW
[2025-05-27 00:20:26] 
正在更新 1303.TW...
[2025-05-27 00:20:26] 
當前請求限制狀態:
GET 請求限制:
  每分鐘: 4/60 (剩餘: 56)
  每小時: 29/360 (剩餘: 331)
  每天: 29/8000 (剩餘: 7971)
[2025-05-27 00:20:27] 成功更新 1303.TW
[2025-05-27 00:20:32] 已保存 1 筆數據到 data\raw\interim_results_20250527_001256.csv
[2025-05-27 00:20:32] 等待 10 秒後處理下一批...
[2025-05-27 00:20:42] 
處理第 30/200 批，股票代碼 1304.TW 到 1304.TW
[2025-05-27 00:20:42] 
正在更新 1304.TW...
[2025-05-27 00:20:42] 
當前請求限制狀態:
GET 請求限制:
  每分鐘: 4/60 (剩餘: 56)
  每小時: 30/360 (剩餘: 330)
  每天: 30/8000 (剩餘: 7970)
[2025-05-27 00:20:43] 成功更新 1304.TW
[2025-05-27 00:20:48] 已保存 1 筆數據到 data\raw\interim_results_20250527_001256.csv
[2025-05-27 00:20:48] 等待 10 秒後處理下一批...
[2025-05-27 00:20:58] 
處理第 31/200 批，股票代碼 1305.TW 到 1305.TW
[2025-05-27 00:20:58] 
正在更新 1305.TW...
[2025-05-27 00:20:58] 
當前請求限制狀態:
GET 請求限制:
  每分鐘: 4/60 (剩餘: 56)
  每小時: 31/360 (剩餘: 329)
  每天: 31/8000 (剩餘: 7969)
[2025-05-27 00:20:59] 成功更新 1305.TW
[2025-05-27 00:21:04] 已保存 1 筆數據到 data\raw\interim_results_20250527_001256.csv
[2025-05-27 00:21:04] 等待 10 秒後處理下一批...
[2025-05-27 00:21:14] 
處理第 32/200 批，股票代碼 1307.TW 到 1307.TW
[2025-05-27 00:21:14] 
正在更新 1307.TW...
[2025-05-27 00:21:14] 
當前請求限制狀態:
GET 請求限制:
  每分鐘: 4/60 (剩餘: 56)
  每小時: 32/360 (剩餘: 328)
  每天: 32/8000 (剩餘: 7968)
[2025-05-27 00:21:15] 成功更新 1307.TW
[2025-05-27 00:21:20] 已保存 1 筆數據到 data\raw\interim_results_20250527_001256.csv
[2025-05-27 00:21:20] 等待 10 秒後處理下一批...
[2025-05-27 00:21:30] 
處理第 33/200 批，股票代碼 1308.TW 到 1308.TW
[2025-05-27 00:21:30] 
正在更新 1308.TW...
[2025-05-27 00:21:30] 
當前請求限制狀態:
GET 請求限制:
  每分鐘: 4/60 (剩餘: 56)
  每小時: 33/360 (剩餘: 327)
  每天: 33/8000 (剩餘: 7967)
[2025-05-27 00:21:30] 成功更新 1308.TW
[2025-05-27 00:21:36] 已保存 1 筆數據到 data\raw\interim_results_20250527_001256.csv
[2025-05-27 00:21:36] 等待 10 秒後處理下一批...
[2025-05-27 00:21:46] 
處理第 34/200 批，股票代碼 1309.TW 到 1309.TW
[2025-05-27 00:21:46] 
正在更新 1309.TW...
[2025-05-27 00:21:46] 
當前請求限制狀態:
GET 請求限制:
  每分鐘: 4/60 (剩餘: 56)
  每小時: 34/360 (剩餘: 326)
  每天: 34/8000 (剩餘: 7966)
[2025-05-27 00:21:47] 成功更新 1309.TW
[2025-05-27 00:21:52] 已保存 1 筆數據到 data\raw\interim_results_20250527_001256.csv
[2025-05-27 00:21:52] 等待 10 秒後處理下一批...
[2025-05-27 00:22:02] 
處理第 35/200 批，股票代碼 1310.TW 到 1310.TW
[2025-05-27 00:22:02] 
正在更新 1310.TW...
[2025-05-27 00:22:02] 
當前請求限制狀態:
GET 請求限制:
  每分鐘: 4/60 (剩餘: 56)
  每小時: 35/360 (剩餘: 325)
  每天: 35/8000 (剩餘: 7965)
[2025-05-27 00:22:03] 成功更新 1310.TW
[2025-05-27 00:22:08] 已保存 1 筆數據到 data\raw\interim_results_20250527_001256.csv
[2025-05-27 00:22:08] 等待 10 秒後處理下一批...
[2025-05-27 00:22:18] 
處理第 36/200 批，股票代碼 1312.TW 到 1312.TW
[2025-05-27 00:22:18] 
正在更新 1312.TW...
[2025-05-27 00:22:18] 
當前請求限制狀態:
GET 請求限制:
  每分鐘: 4/60 (剩餘: 56)
  每小時: 36/360 (剩餘: 324)
  每天: 36/8000 (剩餘: 7964)
[2025-05-27 00:22:18] 成功更新 1312.TW
[2025-05-27 00:22:24] 已保存 1 筆數據到 data\raw\interim_results_20250527_001256.csv
[2025-05-27 00:22:24] 等待 10 秒後處理下一批...
[2025-05-27 00:22:34] 
處理第 37/200 批，股票代碼 1313.TW 到 1313.TW
[2025-05-27 00:22:34] 
正在更新 1313.TW...
[2025-05-27 00:22:34] 
當前請求限制狀態:
GET 請求限制:
  每分鐘: 4/60 (剩餘: 56)
  每小時: 37/360 (剩餘: 323)
  每天: 37/8000 (剩餘: 7963)
[2025-05-27 00:22:34] 成功更新 1313.TW
[2025-05-27 00:22:39] 已保存 1 筆數據到 data\raw\interim_results_20250527_001256.csv
[2025-05-27 00:22:39] 等待 10 秒後處理下一批...
[2025-05-27 00:22:49] 
處理第 38/200 批，股票代碼 1315.TW 到 1315.TW
[2025-05-27 00:22:49] 
正在更新 1315.TW...
[2025-05-27 00:22:50] 
當前請求限制狀態:
GET 請求限制:
  每分鐘: 4/60 (剩餘: 56)
  每小時: 38/360 (剩餘: 322)
  每天: 38/8000 (剩餘: 7962)
[2025-05-27 00:22:50] 成功更新 1315.TW
[2025-05-27 00:22:55] 已保存 1 筆數據到 data\raw\interim_results_20250527_001256.csv
[2025-05-27 00:22:55] 等待 10 秒後處理下一批...
[2025-05-27 00:23:05] 
處理第 39/200 批，股票代碼 1316.TW 到 1316.TW
[2025-05-27 00:23:05] 
正在更新 1316.TW...
[2025-05-27 00:23:05] 
當前請求限制狀態:
GET 請求限制:
  每分鐘: 4/60 (剩餘: 56)
  每小時: 39/360 (剩餘: 321)
  每天: 39/8000 (剩餘: 7961)
[2025-05-27 00:23:06] 成功更新 1316.TW
[2025-05-27 00:23:11] 已保存 1 筆數據到 data\raw\interim_results_20250527_001256.csv
[2025-05-27 00:23:11] 等待 10 秒後處理下一批...
[2025-05-27 00:23:21] 
處理第 40/200 批，股票代碼 1319.TW 到 1319.TW
[2025-05-27 00:23:21] 
正在更新 1319.TW...
[2025-05-27 00:23:21] 
當前請求限制狀態:
GET 請求限制:
  每分鐘: 4/60 (剩餘: 56)
  每小時: 40/360 (剩餘: 320)
  每天: 40/8000 (剩餘: 7960)
[2025-05-27 00:23:22] 成功更新 1319.TW
[2025-05-27 00:23:27] 已保存 1 筆數據到 data\raw\interim_results_20250527_001256.csv
[2025-05-27 00:23:27] 等待 10 秒後處理下一批...
[2025-05-27 00:23:37] 
處理第 41/200 批，股票代碼 1321.TW 到 1321.TW
[2025-05-27 00:23:37] 
正在更新 1321.TW...
[2025-05-27 00:23:37] 
當前請求限制狀態:
GET 請求限制:
  每分鐘: 4/60 (剩餘: 56)
  每小時: 41/360 (剩餘: 319)
  每天: 41/8000 (剩餘: 7959)
[2025-05-27 00:23:38] 成功更新 1321.TW
[2025-05-27 00:23:44] 已保存 1 筆數據到 data\raw\interim_results_20250527_001256.csv
[2025-05-27 00:23:44] 等待 10 秒後處理下一批...
[2025-05-27 00:23:54] 
處理第 42/200 批，股票代碼 1323.TW 到 1323.TW
[2025-05-27 00:23:54] 
正在更新 1323.TW...
[2025-05-27 00:23:54] 
當前請求限制狀態:
GET 請求限制:
  每分鐘: 4/60 (剩餘: 56)
  每小時: 42/360 (剩餘: 318)
  每天: 42/8000 (剩餘: 7958)
[2025-05-27 00:23:54] 成功更新 1323.TW
[2025-05-27 00:24:00] 已保存 1 筆數據到 data\raw\interim_results_20250527_001256.csv
[2025-05-27 00:24:00] 等待 10 秒後處理下一批...
[2025-05-27 00:24:10] 
處理第 43/200 批，股票代碼 1324.TW 到 1324.TW
[2025-05-27 00:24:10] 
正在更新 1324.TW...
[2025-05-27 00:24:10] 
當前請求限制狀態:
GET 請求限制:
  每分鐘: 4/60 (剩餘: 56)
  每小時: 43/360 (剩餘: 317)
  每天: 43/8000 (剩餘: 7957)
[2025-05-27 00:24:10] 成功更新 1324.TW
[2025-05-27 00:24:16] 已保存 1 筆數據到 data\raw\interim_results_20250527_001256.csv
[2025-05-27 00:24:16] 等待 10 秒後處理下一批...
[2025-05-27 00:24:26] 
處理第 44/200 批，股票代碼 1325.TW 到 1325.TW
[2025-05-27 00:24:26] 
正在更新 1325.TW...
[2025-05-27 00:24:26] 
當前請求限制狀態:
GET 請求限制:
  每分鐘: 4/60 (剩餘: 56)
  每小時: 44/360 (剩餘: 316)
  每天: 44/8000 (剩餘: 7956)
[2025-05-27 00:24:27] 成功更新 1325.TW
[2025-05-27 00:24:32] 已保存 1 筆數據到 data\raw\interim_results_20250527_001256.csv
[2025-05-27 00:24:32] 等待 10 秒後處理下一批...
[2025-05-27 00:24:42] 
處理第 45/200 批，股票代碼 1326.TW 到 1326.TW
[2025-05-27 00:24:42] 
正在更新 1326.TW...
[2025-05-27 00:24:42] 
當前請求限制狀態:
GET 請求限制:
  每分鐘: 4/60 (剩餘: 56)
  每小時: 45/360 (剩餘: 315)
  每天: 45/8000 (剩餘: 7955)
[2025-05-27 00:24:43] 成功更新 1326.TW
[2025-05-27 00:24:48] 已保存 1 筆數據到 data\raw\interim_results_20250527_001256.csv
[2025-05-27 00:24:48] 等待 10 秒後處理下一批...
[2025-05-27 00:24:58] 
處理第 46/200 批，股票代碼 1337.TW 到 1337.TW
[2025-05-27 00:24:58] 
正在更新 1337.TW...
[2025-05-27 00:24:58] 
當前請求限制狀態:
GET 請求限制:
  每分鐘: 4/60 (剩餘: 56)
  每小時: 46/360 (剩餘: 314)
  每天: 46/8000 (剩餘: 7954)
[2025-05-27 00:24:59] 成功更新 1337.TW
[2025-05-27 00:25:04] 已保存 1 筆數據到 data\raw\interim_results_20250527_001256.csv
[2025-05-27 00:25:04] 等待 10 秒後處理下一批...
[2025-05-27 00:25:14] 
處理第 47/200 批，股票代碼 1338.TW 到 1338.TW
[2025-05-27 00:25:14] 
正在更新 1338.TW...
[2025-05-27 00:25:14] 
當前請求限制狀態:
GET 請求限制:
  每分鐘: 4/60 (剩餘: 56)
  每小時: 47/360 (剩餘: 313)
  每天: 47/8000 (剩餘: 7953)
[2025-05-27 00:25:15] 成功更新 1338.TW
[2025-05-27 00:25:20] 已保存 1 筆數據到 data\raw\interim_results_20250527_001256.csv
[2025-05-27 00:25:20] 等待 10 秒後處理下一批...
[2025-05-27 00:25:30] 
處理第 48/200 批，股票代碼 1339.TW 到 1339.TW
[2025-05-27 00:25:30] 
正在更新 1339.TW...
[2025-05-27 00:25:30] 
當前請求限制狀態:
GET 請求限制:
  每分鐘: 4/60 (剩餘: 56)
  每小時: 48/360 (剩餘: 312)
  每天: 48/8000 (剩餘: 7952)
[2025-05-27 00:25:31] 成功更新 1339.TW
[2025-05-27 00:25:36] 已保存 1 筆數據到 data\raw\interim_results_20250527_001256.csv
[2025-05-27 00:25:36] 等待 10 秒後處理下一批...
[2025-05-27 00:25:46] 
處理第 49/200 批，股票代碼 1340.TW 到 1340.TW
[2025-05-27 00:25:46] 
正在更新 1340.TW...
[2025-05-27 00:25:46] 
當前請求限制狀態:
GET 請求限制:
  每分鐘: 4/60 (剩餘: 56)
  每小時: 49/360 (剩餘: 311)
  每天: 49/8000 (剩餘: 7951)
[2025-05-27 00:25:47] 成功更新 1340.TW
[2025-05-27 00:25:52] 已保存 1 筆數據到 data\raw\interim_results_20250527_001256.csv
[2025-05-27 00:25:52] 等待 10 秒後處理下一批...
[2025-05-27 00:26:02] 
處理第 50/200 批，股票代碼 1341.TW 到 1341.TW
[2025-05-27 00:26:02] 
正在更新 1341.TW...
[2025-05-27 00:26:02] 
當前請求限制狀態:
GET 請求限制:
  每分鐘: 4/60 (剩餘: 56)
  每小時: 50/360 (剩餘: 310)
  每天: 50/8000 (剩餘: 7950)
[2025-05-27 00:26:03] 成功更新 1341.TW
[2025-05-27 00:26:08] 已保存 1 筆數據到 data\raw\interim_results_20250527_001256.csv
[2025-05-27 00:26:08] 等待 10 秒後處理下一批...
[2025-05-27 00:26:18] 
處理第 51/200 批，股票代碼 1342.TW 到 1342.TW
[2025-05-27 00:26:18] 
正在更新 1342.TW...
[2025-05-27 00:26:18] 
當前請求限制狀態:
GET 請求限制:
  每分鐘: 4/60 (剩餘: 56)
  每小時: 51/360 (剩餘: 309)
  每天: 51/8000 (剩餘: 7949)
[2025-05-27 00:26:19] 成功更新 1342.TW
[2025-05-27 00:26:24] 已保存 1 筆數據到 data\raw\interim_results_20250527_001256.csv
[2025-05-27 00:26:24] 等待 10 秒後處理下一批...
[2025-05-27 00:26:34] 
處理第 52/200 批，股票代碼 1402.TW 到 1402.TW
[2025-05-27 00:26:34] 
正在更新 1402.TW...
[2025-05-27 00:26:34] 
當前請求限制狀態:
GET 請求限制:
  每分鐘: 4/60 (剩餘: 56)
  每小時: 52/360 (剩餘: 308)
  每天: 52/8000 (剩餘: 7948)
[2025-05-27 00:26:35] 成功更新 1402.TW
[2025-05-27 00:26:40] 已保存 1 筆數據到 data\raw\interim_results_20250527_001256.csv
[2025-05-27 00:26:40] 等待 10 秒後處理下一批...
[2025-05-27 00:26:50] 
處理第 53/200 批，股票代碼 1409.TW 到 1409.TW
[2025-05-27 00:26:50] 
正在更新 1409.TW...
[2025-05-27 00:26:50] 
當前請求限制狀態:
GET 請求限制:
  每分鐘: 4/60 (剩餘: 56)
  每小時: 53/360 (剩餘: 307)
  每天: 53/8000 (剩餘: 7947)
[2025-05-27 00:26:51] 成功更新 1409.TW
[2025-05-27 00:26:56] 已保存 1 筆數據到 data\raw\interim_results_20250527_001256.csv
[2025-05-27 00:26:56] 等待 10 秒後處理下一批...
[2025-05-27 00:27:06] 
處理第 54/200 批，股票代碼 1410.TW 到 1410.TW
[2025-05-27 00:27:06] 
正在更新 1410.TW...
[2025-05-27 00:27:06] 
當前請求限制狀態:
GET 請求限制:
  每分鐘: 4/60 (剩餘: 56)
  每小時: 54/360 (剩餘: 306)
  每天: 54/8000 (剩餘: 7946)
[2025-05-27 00:27:07] 成功更新 1410.TW
[2025-05-27 00:27:12] 已保存 1 筆數據到 data\raw\interim_results_20250527_001256.csv
[2025-05-27 00:27:12] 等待 10 秒後處理下一批...
[2025-05-27 00:27:22] 
處理第 55/200 批，股票代碼 1413.TW 到 1413.TW
[2025-05-27 00:27:22] 
正在更新 1413.TW...
[2025-05-27 00:27:22] 
當前請求限制狀態:
GET 請求限制:
  每分鐘: 4/60 (剩餘: 56)
  每小時: 55/360 (剩餘: 305)
  每天: 55/8000 (剩餘: 7945)
[2025-05-27 00:27:23] 成功更新 1413.TW
[2025-05-27 00:27:28] 已保存 1 筆數據到 data\raw\interim_results_20250527_001256.csv
[2025-05-27 00:27:28] 等待 10 秒後處理下一批...
[2025-05-27 00:27:38] 
處理第 56/200 批，股票代碼 1414.TW 到 1414.TW
[2025-05-27 00:27:38] 
正在更新 1414.TW...
[2025-05-27 00:27:38] 
當前請求限制狀態:
GET 請求限制:
  每分鐘: 4/60 (剩餘: 56)
  每小時: 56/360 (剩餘: 304)
  每天: 56/8000 (剩餘: 7944)
[2025-05-27 00:27:39] 成功更新 1414.TW
[2025-05-27 00:27:44] 已保存 1 筆數據到 data\raw\interim_results_20250527_001256.csv
[2025-05-27 00:27:44] 等待 10 秒後處理下一批...
[2025-05-27 00:27:54] 
處理第 57/200 批，股票代碼 1416.TW 到 1416.TW
[2025-05-27 00:27:54] 
正在更新 1416.TW...
[2025-05-27 00:27:54] 
當前請求限制狀態:
GET 請求限制:
  每分鐘: 4/60 (剩餘: 56)
  每小時: 57/360 (剩餘: 303)
  每天: 57/8000 (剩餘: 7943)
[2025-05-27 00:27:55] 成功更新 1416.TW
[2025-05-27 00:28:00] 已保存 1 筆數據到 data\raw\interim_results_20250527_001256.csv
[2025-05-27 00:28:00] 等待 10 秒後處理下一批...
[2025-05-27 00:28:10] 
處理第 58/200 批，股票代碼 1417.TW 到 1417.TW
[2025-05-27 00:28:10] 
正在更新 1417.TW...
[2025-05-27 00:28:10] 
當前請求限制狀態:
GET 請求限制:
  每分鐘: 4/60 (剩餘: 56)
  每小時: 58/360 (剩餘: 302)
  每天: 58/8000 (剩餘: 7942)
[2025-05-27 00:28:11] 成功更新 1417.TW
[2025-05-27 00:28:16] 已保存 1 筆數據到 data\raw\interim_results_20250527_001256.csv
[2025-05-27 00:28:16] 等待 10 秒後處理下一批...
[2025-05-27 00:28:26] 
處理第 59/200 批，股票代碼 1418.TW 到 1418.TW
[2025-05-27 00:28:26] 
正在更新 1418.TW...
[2025-05-27 00:28:26] 
當前請求限制狀態:
GET 請求限制:
  每分鐘: 4/60 (剩餘: 56)
  每小時: 59/360 (剩餘: 301)
  每天: 59/8000 (剩餘: 7941)
[2025-05-27 00:28:27] 成功更新 1418.TW
[2025-05-27 00:28:32] 已保存 1 筆數據到 data\raw\interim_results_20250527_001256.csv
[2025-05-27 00:28:32] 等待 10 秒後處理下一批...
[2025-05-27 00:28:42] 
處理第 60/200 批，股票代碼 1419.TW 到 1419.TW
[2025-05-27 00:28:42] 
正在更新 1419.TW...
[2025-05-27 00:28:42] 
當前請求限制狀態:
GET 請求限制:
  每分鐘: 4/60 (剩餘: 56)
  每小時: 60/360 (剩餘: 300)
  每天: 60/8000 (剩餘: 7940)
[2025-05-27 00:28:43] 成功更新 1419.TW
[2025-05-27 00:28:49] 已保存 1 筆數據到 data\raw\interim_results_20250527_001256.csv
[2025-05-27 00:28:49] 等待 10 秒後處理下一批...
[2025-05-27 00:28:59] 
處理第 61/200 批，股票代碼 1423.TW 到 1423.TW
[2025-05-27 00:28:59] 
正在更新 1423.TW...
[2025-05-27 00:28:59] 
當前請求限制狀態:
GET 請求限制:
  每分鐘: 4/60 (剩餘: 56)
  每小時: 61/360 (剩餘: 299)
  每天: 61/8000 (剩餘: 7939)
[2025-05-27 00:28:59] 成功更新 1423.TW
[2025-05-27 00:29:05] 已保存 1 筆數據到 data\raw\interim_results_20250527_001256.csv
[2025-05-27 00:29:05] 等待 10 秒後處理下一批...
[2025-05-27 00:29:15] 
處理第 62/200 批，股票代碼 1432.TW 到 1432.TW
[2025-05-27 00:29:15] 
正在更新 1432.TW...
[2025-05-27 00:29:15] 
當前請求限制狀態:
GET 請求限制:
  每分鐘: 4/60 (剩餘: 56)
  每小時: 62/360 (剩餘: 298)
  每天: 62/8000 (剩餘: 7938)
[2025-05-27 00:29:15] 成功更新 1432.TW
[2025-05-27 00:29:21] 已保存 1 筆數據到 data\raw\interim_results_20250527_001256.csv
[2025-05-27 00:29:21] 等待 10 秒後處理下一批...
[2025-05-27 00:29:31] 
處理第 63/200 批，股票代碼 1434.TW 到 1434.TW
[2025-05-27 00:29:31] 
正在更新 1434.TW...
[2025-05-27 00:29:31] 
當前請求限制狀態:
GET 請求限制:
  每分鐘: 4/60 (剩餘: 56)
  每小時: 63/360 (剩餘: 297)
  每天: 63/8000 (剩餘: 7937)
[2025-05-27 00:29:31] 成功更新 1434.TW
[2025-05-27 00:29:37] 已保存 1 筆數據到 data\raw\interim_results_20250527_001256.csv
[2025-05-27 00:29:37] 等待 10 秒後處理下一批...
[2025-05-27 00:29:47] 
處理第 64/200 批，股票代碼 1435.TW 到 1435.TW
[2025-05-27 00:29:47] 
正在更新 1435.TW...
[2025-05-27 00:29:47] 
當前請求限制狀態:
GET 請求限制:
  每分鐘: 4/60 (剩餘: 56)
  每小時: 64/360 (剩餘: 296)
  每天: 64/8000 (剩餘: 7936)
[2025-05-27 00:29:47] 成功更新 1435.TW
[2025-05-27 00:29:53] 已保存 1 筆數據到 data\raw\interim_results_20250527_001256.csv
[2025-05-27 00:29:53] 等待 10 秒後處理下一批...
[2025-05-27 00:30:03] 
處理第 65/200 批，股票代碼 1436.TW 到 1436.TW
[2025-05-27 00:30:03] 
正在更新 1436.TW...
[2025-05-27 00:30:03] 
當前請求限制狀態:
GET 請求限制:
  每分鐘: 4/60 (剩餘: 56)
  每小時: 65/360 (剩餘: 295)
  每天: 65/8000 (剩餘: 7935)
[2025-05-27 00:30:03] 成功更新 1436.TW
[2025-05-27 00:30:09] 已保存 1 筆數據到 data\raw\interim_results_20250527_001256.csv
[2025-05-27 00:30:09] 等待 10 秒後處理下一批...
[2025-05-27 00:30:19] 
處理第 66/200 批，股票代碼 1437.TW 到 1437.TW
[2025-05-27 00:30:19] 
正在更新 1437.TW...
[2025-05-27 00:30:19] 
當前請求限制狀態:
GET 請求限制:
  每分鐘: 4/60 (剩餘: 56)
  每小時: 66/360 (剩餘: 294)
  每天: 66/8000 (剩餘: 7934)
[2025-05-27 00:30:19] 成功更新 1437.TW
[2025-05-27 00:30:25] 已保存 1 筆數據到 data\raw\interim_results_20250527_001256.csv
[2025-05-27 00:30:25] 等待 10 秒後處理下一批...
[2025-05-27 00:30:35] 
處理第 67/200 批，股票代碼 1438.TW 到 1438.TW
[2025-05-27 00:30:35] 
正在更新 1438.TW...
[2025-05-27 00:30:35] 
當前請求限制狀態:
GET 請求限制:
  每分鐘: 4/60 (剩餘: 56)
  每小時: 67/360 (剩餘: 293)
  每天: 67/8000 (剩餘: 7933)
[2025-05-27 00:30:36] 成功更新 1438.TW
[2025-05-27 00:30:41] 已保存 1 筆數據到 data\raw\interim_results_20250527_001256.csv
[2025-05-27 00:30:41] 等待 10 秒後處理下一批...
[2025-05-27 00:30:51] 
處理第 68/200 批，股票代碼 1439.TW 到 1439.TW
[2025-05-27 00:30:51] 
正在更新 1439.TW...
[2025-05-27 00:30:51] 
當前請求限制狀態:
GET 請求限制:
  每分鐘: 4/60 (剩餘: 56)
  每小時: 68/360 (剩餘: 292)
  每天: 68/8000 (剩餘: 7932)
[2025-05-27 00:30:52] 成功更新 1439.TW
[2025-05-27 00:30:57] 已保存 1 筆數據到 data\raw\interim_results_20250527_001256.csv
[2025-05-27 00:30:57] 等待 10 秒後處理下一批...
[2025-05-27 00:31:07] 
處理第 69/200 批，股票代碼 1440.TW 到 1440.TW
[2025-05-27 00:31:07] 
正在更新 1440.TW...
[2025-05-27 00:31:07] 
當前請求限制狀態:
GET 請求限制:
  每分鐘: 4/60 (剩餘: 56)
  每小時: 69/360 (剩餘: 291)
  每天: 69/8000 (剩餘: 7931)
[2025-05-27 00:31:08] 成功更新 1440.TW
[2025-05-27 00:31:13] 已保存 1 筆數據到 data\raw\interim_results_20250527_001256.csv
[2025-05-27 00:31:13] 等待 10 秒後處理下一批...
[2025-05-27 00:31:23] 
處理第 70/200 批，股票代碼 1441.TW 到 1441.TW
[2025-05-27 00:31:23] 
正在更新 1441.TW...
[2025-05-27 00:31:23] 
當前請求限制狀態:
GET 請求限制:
  每分鐘: 4/60 (剩餘: 56)
  每小時: 70/360 (剩餘: 290)
  每天: 70/8000 (剩餘: 7930)
[2025-05-27 00:31:24] 成功更新 1441.TW
[2025-05-27 00:31:29] 已保存 1 筆數據到 data\raw\interim_results_20250527_001256.csv
[2025-05-27 00:31:29] 等待 10 秒後處理下一批...
[2025-05-27 00:31:39] 
處理第 71/200 批，股票代碼 1442.TW 到 1442.TW
[2025-05-27 00:31:39] 
正在更新 1442.TW...
[2025-05-27 00:31:39] 
當前請求限制狀態:
GET 請求限制:
  每分鐘: 4/60 (剩餘: 56)
  每小時: 71/360 (剩餘: 289)
  每天: 71/8000 (剩餘: 7929)
[2025-05-27 00:31:40] 成功更新 1442.TW
[2025-05-27 00:31:45] 已保存 1 筆數據到 data\raw\interim_results_20250527_001256.csv
[2025-05-27 00:31:45] 等待 10 秒後處理下一批...
[2025-05-27 00:31:55] 
處理第 72/200 批，股票代碼 1443.TW 到 1443.TW
[2025-05-27 00:31:55] 
正在更新 1443.TW...
[2025-05-27 00:31:55] 
當前請求限制狀態:
GET 請求限制:
  每分鐘: 4/60 (剩餘: 56)
  每小時: 72/360 (剩餘: 288)
  每天: 72/8000 (剩餘: 7928)
[2025-05-27 00:31:56] 成功更新 1443.TW
[2025-05-27 00:32:01] 已保存 1 筆數據到 data\raw\interim_results_20250527_001256.csv
[2025-05-27 00:32:01] 等待 10 秒後處理下一批...
[2025-05-27 00:32:11] 
處理第 73/200 批，股票代碼 1444.TW 到 1444.TW
[2025-05-27 00:32:11] 
正在更新 1444.TW...
[2025-05-27 00:32:11] 
當前請求限制狀態:
GET 請求限制:
  每分鐘: 4/60 (剩餘: 56)
  每小時: 73/360 (剩餘: 287)
  每天: 73/8000 (剩餘: 7927)
[2025-05-27 00:32:12] 成功更新 1444.TW
[2025-05-27 00:32:17] 已保存 1 筆數據到 data\raw\interim_results_20250527_001256.csv
[2025-05-27 00:32:17] 等待 10 秒後處理下一批...
[2025-05-27 00:32:27] 
處理第 74/200 批，股票代碼 1445.TW 到 1445.TW
[2025-05-27 00:32:27] 
正在更新 1445.TW...
[2025-05-27 00:32:27] 
當前請求限制狀態:
GET 請求限制:
  每分鐘: 4/60 (剩餘: 56)
  每小時: 74/360 (剩餘: 286)
  每天: 74/8000 (剩餘: 7926)
[2025-05-27 00:32:28] 成功更新 1445.TW
[2025-05-27 00:32:33] 已保存 1 筆數據到 data\raw\interim_results_20250527_001256.csv
[2025-05-27 00:32:33] 等待 10 秒後處理下一批...
[2025-05-27 00:32:43] 
處理第 75/200 批，股票代碼 1446.TW 到 1446.TW
[2025-05-27 00:32:43] 
正在更新 1446.TW...
[2025-05-27 00:32:43] 
當前請求限制狀態:
GET 請求限制:
  每分鐘: 4/60 (剩餘: 56)
  每小時: 75/360 (剩餘: 285)
  每天: 75/8000 (剩餘: 7925)
[2025-05-27 00:32:44] 成功更新 1446.TW
[2025-05-27 00:32:49] 已保存 1 筆數據到 data\raw\interim_results_20250527_001256.csv
[2025-05-27 00:32:49] 等待 10 秒後處理下一批...
[2025-05-27 00:32:59] 
處理第 76/200 批，股票代碼 1447.TW 到 1447.TW
[2025-05-27 00:32:59] 
正在更新 1447.TW...
[2025-05-27 00:32:59] 
當前請求限制狀態:
GET 請求限制:
  每分鐘: 4/60 (剩餘: 56)
  每小時: 76/360 (剩餘: 284)
  每天: 76/8000 (剩餘: 7924)
[2025-05-27 00:33:00] 成功更新 1447.TW
[2025-05-27 00:33:05] 已保存 1 筆數據到 data\raw\interim_results_20250527_001256.csv
[2025-05-27 00:33:05] 等待 10 秒後處理下一批...
[2025-05-27 00:33:15] 
處理第 77/200 批，股票代碼 1449.TW 到 1449.TW
[2025-05-27 00:33:15] 
正在更新 1449.TW...
[2025-05-27 00:33:15] 
當前請求限制狀態:
GET 請求限制:
  每分鐘: 4/60 (剩餘: 56)
  每小時: 77/360 (剩餘: 283)
  每天: 77/8000 (剩餘: 7923)
[2025-05-27 00:33:16] 成功更新 1449.TW
[2025-05-27 00:33:21] 已保存 1 筆數據到 data\raw\interim_results_20250527_001256.csv
[2025-05-27 00:33:21] 等待 10 秒後處理下一批...
[2025-05-27 00:33:31] 
處理第 78/200 批，股票代碼 1451.TW 到 1451.TW
[2025-05-27 00:33:31] 
正在更新 1451.TW...
[2025-05-27 00:33:31] 
當前請求限制狀態:
GET 請求限制:
  每分鐘: 4/60 (剩餘: 56)
  每小時: 78/360 (剩餘: 282)
  每天: 78/8000 (剩餘: 7922)
[2025-05-27 00:33:32] 成功更新 1451.TW
[2025-05-27 00:33:38] 已保存 1 筆數據到 data\raw\interim_results_20250527_001256.csv
[2025-05-27 00:33:38] 等待 10 秒後處理下一批...
[2025-05-27 00:33:48] 
處理第 79/200 批，股票代碼 1452.TW 到 1452.TW
[2025-05-27 00:33:48] 
正在更新 1452.TW...
[2025-05-27 00:33:48] 
當前請求限制狀態:
GET 請求限制:
  每分鐘: 4/60 (剩餘: 56)
  每小時: 79/360 (剩餘: 281)
  每天: 79/8000 (剩餘: 7921)
[2025-05-27 00:33:48] 成功更新 1452.TW
[2025-05-27 00:33:54] 已保存 1 筆數據到 data\raw\interim_results_20250527_001256.csv
[2025-05-27 00:33:54] 等待 10 秒後處理下一批...
[2025-05-27 00:34:04] 
處理第 80/200 批，股票代碼 1453.TW 到 1453.TW
[2025-05-27 00:34:04] 
正在更新 1453.TW...
[2025-05-27 00:34:04] 
當前請求限制狀態:
GET 請求限制:
  每分鐘: 4/60 (剩餘: 56)
  每小時: 80/360 (剩餘: 280)
  每天: 80/8000 (剩餘: 7920)
[2025-05-27 00:34:04] 成功更新 1453.TW
[2025-05-27 00:34:10] 已保存 1 筆數據到 data\raw\interim_results_20250527_001256.csv
[2025-05-27 00:34:10] 等待 10 秒後處理下一批...
[2025-05-27 00:34:20] 
處理第 81/200 批，股票代碼 1454.TW 到 1454.TW
[2025-05-27 00:34:20] 
正在更新 1454.TW...
[2025-05-27 00:34:20] 
當前請求限制狀態:
GET 請求限制:
  每分鐘: 4/60 (剩餘: 56)
  每小時: 81/360 (剩餘: 279)
  每天: 81/8000 (剩餘: 7919)
[2025-05-27 00:34:21] 成功更新 1454.TW
[2025-05-27 00:34:26] 已保存 1 筆數據到 data\raw\interim_results_20250527_001256.csv
[2025-05-27 00:34:26] 等待 10 秒後處理下一批...
[2025-05-27 00:34:36] 
處理第 82/200 批，股票代碼 1455.TW 到 1455.TW
[2025-05-27 00:34:36] 
正在更新 1455.TW...
[2025-05-27 00:34:36] 
當前請求限制狀態:
GET 請求限制:
  每分鐘: 4/60 (剩餘: 56)
  每小時: 82/360 (剩餘: 278)
  每天: 82/8000 (剩餘: 7918)
[2025-05-27 00:34:36] 成功更新 1455.TW
[2025-05-27 00:34:42] 已保存 1 筆數據到 data\raw\interim_results_20250527_001256.csv
[2025-05-27 00:34:42] 等待 10 秒後處理下一批...
[2025-05-27 00:34:52] 
處理第 83/200 批，股票代碼 1456.TW 到 1456.TW
[2025-05-27 00:34:52] 
正在更新 1456.TW...
[2025-05-27 00:34:52] 
當前請求限制狀態:
GET 請求限制:
  每分鐘: 4/60 (剩餘: 56)
  每小時: 83/360 (剩餘: 277)
  每天: 83/8000 (剩餘: 7917)
[2025-05-27 00:34:53] 成功更新 1456.TW
[2025-05-27 00:34:58] 已保存 1 筆數據到 data\raw\interim_results_20250527_001256.csv
[2025-05-27 00:34:58] 等待 10 秒後處理下一批...
[2025-05-27 00:35:08] 
處理第 84/200 批，股票代碼 1457.TW 到 1457.TW
[2025-05-27 00:35:08] 
正在更新 1457.TW...
[2025-05-27 00:35:08] 
當前請求限制狀態:
GET 請求限制:
  每分鐘: 4/60 (剩餘: 56)
  每小時: 84/360 (剩餘: 276)
  每天: 84/8000 (剩餘: 7916)
[2025-05-27 00:35:09] 成功更新 1457.TW
[2025-05-27 00:35:14] 已保存 1 筆數據到 data\raw\interim_results_20250527_001256.csv
[2025-05-27 00:35:14] 等待 10 秒後處理下一批...
[2025-05-27 00:35:24] 
處理第 85/200 批，股票代碼 1459.TW 到 1459.TW
[2025-05-27 00:35:24] 
正在更新 1459.TW...
[2025-05-27 00:35:24] 
當前請求限制狀態:
GET 請求限制:
  每分鐘: 4/60 (剩餘: 56)
  每小時: 85/360 (剩餘: 275)
  每天: 85/8000 (剩餘: 7915)
[2025-05-27 00:35:25] 成功更新 1459.TW
[2025-05-27 00:35:30] 已保存 1 筆數據到 data\raw\interim_results_20250527_001256.csv
[2025-05-27 00:35:30] 等待 10 秒後處理下一批...
[2025-05-27 00:35:40] 
處理第 86/200 批，股票代碼 1460.TW 到 1460.TW
[2025-05-27 00:35:40] 
正在更新 1460.TW...
[2025-05-27 00:35:40] 
當前請求限制狀態:
GET 請求限制:
  每分鐘: 4/60 (剩餘: 56)
  每小時: 86/360 (剩餘: 274)
  每天: 86/8000 (剩餘: 7914)
[2025-05-27 00:35:40] 成功更新 1460.TW
[2025-05-27 00:35:46] 已保存 1 筆數據到 data\raw\interim_results_20250527_001256.csv
[2025-05-27 00:35:46] 等待 10 秒後處理下一批...
[2025-05-27 00:35:56] 
處理第 87/200 批，股票代碼 1463.TW 到 1463.TW
[2025-05-27 00:35:56] 
正在更新 1463.TW...
[2025-05-27 00:35:56] 
當前請求限制狀態:
GET 請求限制:
  每分鐘: 4/60 (剩餘: 56)
  每小時: 87/360 (剩餘: 273)
  每天: 87/8000 (剩餘: 7913)
[2025-05-27 00:35:57] 成功更新 1463.TW
[2025-05-27 00:36:02] 已保存 1 筆數據到 data\raw\interim_results_20250527_001256.csv
[2025-05-27 00:36:02] 等待 10 秒後處理下一批...
[2025-05-27 00:36:12] 
處理第 88/200 批，股票代碼 1464.TW 到 1464.TW
[2025-05-27 00:36:12] 
正在更新 1464.TW...
[2025-05-27 00:36:12] 
當前請求限制狀態:
GET 請求限制:
  每分鐘: 4/60 (剩餘: 56)
  每小時: 88/360 (剩餘: 272)
  每天: 88/8000 (剩餘: 7912)
[2025-05-27 00:36:13] 成功更新 1464.TW
[2025-05-27 00:36:18] 已保存 1 筆數據到 data\raw\interim_results_20250527_001256.csv
[2025-05-27 00:36:18] 等待 10 秒後處理下一批...
[2025-05-27 00:36:28] 
處理第 89/200 批，股票代碼 1465.TW 到 1465.TW
[2025-05-27 00:36:28] 
正在更新 1465.TW...
[2025-05-27 00:36:28] 
當前請求限制狀態:
GET 請求限制:
  每分鐘: 4/60 (剩餘: 56)
  每小時: 89/360 (剩餘: 271)
  每天: 89/8000 (剩餘: 7911)
[2025-05-27 00:36:28] 成功更新 1465.TW
[2025-05-27 00:36:34] 已保存 1 筆數據到 data\raw\interim_results_20250527_001256.csv
[2025-05-27 00:36:34] 等待 10 秒後處理下一批...
[2025-05-27 00:36:44] 
處理第 90/200 批，股票代碼 1466.TW 到 1466.TW
[2025-05-27 00:36:44] 
正在更新 1466.TW...
[2025-05-27 00:36:44] 
當前請求限制狀態:
GET 請求限制:
  每分鐘: 4/60 (剩餘: 56)
  每小時: 90/360 (剩餘: 270)
  每天: 90/8000 (剩餘: 7910)
[2025-05-27 00:36:45] 成功更新 1466.TW
[2025-05-27 00:36:50] 已保存 1 筆數據到 data\raw\interim_results_20250527_001256.csv
[2025-05-27 00:36:50] 等待 10 秒後處理下一批...
[2025-05-27 00:37:00] 
處理第 91/200 批，股票代碼 1467.TW 到 1467.TW
[2025-05-27 00:37:00] 
正在更新 1467.TW...
[2025-05-27 00:37:00] 
當前請求限制狀態:
GET 請求限制:
  每分鐘: 4/60 (剩餘: 56)
  每小時: 91/360 (剩餘: 269)
  每天: 91/8000 (剩餘: 7909)
[2025-05-27 00:37:00] 成功更新 1467.TW
[2025-05-27 00:37:06] 已保存 1 筆數據到 data\raw\interim_results_20250527_001256.csv
[2025-05-27 00:37:06] 等待 10 秒後處理下一批...
[2025-05-27 00:37:16] 
處理第 92/200 批，股票代碼 1468.TW 到 1468.TW
[2025-05-27 00:37:16] 
正在更新 1468.TW...
[2025-05-27 00:37:16] 
當前請求限制狀態:
GET 請求限制:
  每分鐘: 4/60 (剩餘: 56)
  每小時: 92/360 (剩餘: 268)
  每天: 92/8000 (剩餘: 7908)
[2025-05-27 00:37:16] 成功更新 1468.TW
[2025-05-27 00:37:22] 已保存 1 筆數據到 data\raw\interim_results_20250527_001256.csv
[2025-05-27 00:37:22] 等待 10 秒後處理下一批...
[2025-05-27 00:37:32] 
處理第 93/200 批，股票代碼 1470.TW 到 1470.TW
[2025-05-27 00:37:32] 
正在更新 1470.TW...
[2025-05-27 00:37:32] 
當前請求限制狀態:
GET 請求限制:
  每分鐘: 4/60 (剩餘: 56)
  每小時: 93/360 (剩餘: 267)
  每天: 93/8000 (剩餘: 7907)
[2025-05-27 00:37:33] 成功更新 1470.TW
[2025-05-27 00:37:38] 已保存 1 筆數據到 data\raw\interim_results_20250527_001256.csv
[2025-05-27 00:37:38] 等待 10 秒後處理下一批...
[2025-05-27 00:37:48] 
處理第 94/200 批，股票代碼 1471.TW 到 1471.TW
[2025-05-27 00:37:48] 
正在更新 1471.TW...
[2025-05-27 00:37:48] 
當前請求限制狀態:
GET 請求限制:
  每分鐘: 4/60 (剩餘: 56)
  每小時: 94/360 (剩餘: 266)
  每天: 94/8000 (剩餘: 7906)
[2025-05-27 00:37:48] 成功更新 1471.TW
[2025-05-27 00:37:54] 已保存 1 筆數據到 data\raw\interim_results_20250527_001256.csv
[2025-05-27 00:37:54] 等待 10 秒後處理下一批...
[2025-05-27 00:38:04] 
處理第 95/200 批，股票代碼 1472.TW 到 1472.TW
[2025-05-27 00:38:04] 
正在更新 1472.TW...
[2025-05-27 00:38:04] 
當前請求限制狀態:
GET 請求限制:
  每分鐘: 4/60 (剩餘: 56)
  每小時: 95/360 (剩餘: 265)
  每天: 95/8000 (剩餘: 7905)
[2025-05-27 00:38:04] 成功更新 1472.TW
[2025-05-27 00:38:10] 已保存 1 筆數據到 data\raw\interim_results_20250527_001256.csv
[2025-05-27 00:38:10] 等待 10 秒後處理下一批...
[2025-05-27 00:38:20] 
處理第 96/200 批，股票代碼 1473.TW 到 1473.TW
[2025-05-27 00:38:20] 
正在更新 1473.TW...
[2025-05-27 00:38:20] 
當前請求限制狀態:
GET 請求限制:
  每分鐘: 4/60 (剩餘: 56)
  每小時: 96/360 (剩餘: 264)
  每天: 96/8000 (剩餘: 7904)
[2025-05-27 00:38:20] 成功更新 1473.TW
[2025-05-27 00:38:26] 已保存 1 筆數據到 data\raw\interim_results_20250527_001256.csv
[2025-05-27 00:38:26] 等待 10 秒後處理下一批...
[2025-05-27 00:38:36] 
處理第 97/200 批，股票代碼 1474.TW 到 1474.TW
[2025-05-27 00:38:36] 
正在更新 1474.TW...
[2025-05-27 00:38:36] 
當前請求限制狀態:
GET 請求限制:
  每分鐘: 4/60 (剩餘: 56)
  每小時: 97/360 (剩餘: 263)
  每天: 97/8000 (剩餘: 7903)
[2025-05-27 00:38:36] 成功更新 1474.TW
[2025-05-27 00:38:41] 已保存 1 筆數據到 data\raw\interim_results_20250527_001256.csv
[2025-05-27 00:38:41] 等待 10 秒後處理下一批...
[2025-05-27 00:38:51] 
處理第 98/200 批，股票代碼 1475.TW 到 1475.TW
[2025-05-27 00:38:51] 
正在更新 1475.TW...
[2025-05-27 00:38:51] 
當前請求限制狀態:
GET 請求限制:
  每分鐘: 4/60 (剩餘: 56)
  每小時: 98/360 (剩餘: 262)
  每天: 98/8000 (剩餘: 7902)
[2025-05-27 00:38:52] 成功更新 1475.TW
[2025-05-27 00:38:57] 已保存 1 筆數據到 data\raw\interim_results_20250527_001256.csv
[2025-05-27 00:38:57] 等待 10 秒後處理下一批...
[2025-05-27 00:39:07] 
處理第 99/200 批，股票代碼 1476.TW 到 1476.TW
[2025-05-27 00:39:07] 
正在更新 1476.TW...
[2025-05-27 00:39:07] 
當前請求限制狀態:
GET 請求限制:
  每分鐘: 4/60 (剩餘: 56)
  每小時: 99/360 (剩餘: 261)
  每天: 99/8000 (剩餘: 7901)
[2025-05-27 00:39:08] 成功更新 1476.TW
[2025-05-27 00:39:13] 已保存 1 筆數據到 data\raw\interim_results_20250527_001256.csv
[2025-05-27 00:39:13] 等待 10 秒後處理下一批...
[2025-05-27 00:39:23] 
處理第 100/200 批，股票代碼 1477.TW 到 1477.TW
[2025-05-27 00:39:23] 
正在更新 1477.TW...
[2025-05-27 00:39:23] 
當前請求限制狀態:
GET 請求限制:
  每分鐘: 4/60 (剩餘: 56)
  每小時: 100/360 (剩餘: 260)
  每天: 100/8000 (剩餘: 7900)
[2025-05-27 00:39:24] 成功更新 1477.TW
[2025-05-27 00:39:29] 已保存 1 筆數據到 data\raw\interim_results_20250527_001256.csv
[2025-05-27 00:39:29] 等待 10 秒後處理下一批...
[2025-05-27 00:39:39] 
處理第 101/200 批，股票代碼 1503.TW 到 1503.TW
[2025-05-27 00:39:39] 
正在更新 1503.TW...
[2025-05-27 00:39:39] 
當前請求限制狀態:
GET 請求限制:
  每分鐘: 4/60 (剩餘: 56)
  每小時: 101/360 (剩餘: 259)
  每天: 101/8000 (剩餘: 7899)
[2025-05-27 00:39:40] 成功更新 1503.TW
[2025-05-27 00:39:45] 已保存 1 筆數據到 data\raw\interim_results_20250527_001256.csv
[2025-05-27 00:39:45] 等待 10 秒後處理下一批...
[2025-05-27 00:39:55] 
處理第 102/200 批，股票代碼 1504.TW 到 1504.TW
[2025-05-27 00:39:55] 
正在更新 1504.TW...
[2025-05-27 00:39:55] 
當前請求限制狀態:
GET 請求限制:
  每分鐘: 4/60 (剩餘: 56)
  每小時: 102/360 (剩餘: 258)
  每天: 102/8000 (剩餘: 7898)
[2025-05-27 00:39:56] 成功更新 1504.TW
[2025-05-27 00:40:01] 已保存 1 筆數據到 data\raw\interim_results_20250527_001256.csv
[2025-05-27 00:40:01] 等待 10 秒後處理下一批...
[2025-05-27 00:40:11] 
處理第 103/200 批，股票代碼 1506.TW 到 1506.TW
[2025-05-27 00:40:11] 
正在更新 1506.TW...
[2025-05-27 00:40:11] 
當前請求限制狀態:
GET 請求限制:
  每分鐘: 4/60 (剩餘: 56)
  每小時: 103/360 (剩餘: 257)
  每天: 103/8000 (剩餘: 7897)
[2025-05-27 00:40:12] 成功更新 1506.TW
[2025-05-27 00:40:17] 已保存 1 筆數據到 data\raw\interim_results_20250527_001256.csv
[2025-05-27 00:40:17] 等待 10 秒後處理下一批...
[2025-05-27 00:40:27] 
處理第 104/200 批，股票代碼 1512.TW 到 1512.TW
[2025-05-27 00:40:27] 
正在更新 1512.TW...
[2025-05-27 00:40:27] 
當前請求限制狀態:
GET 請求限制:
  每分鐘: 4/60 (剩餘: 56)
  每小時: 104/360 (剩餘: 256)
  每天: 104/8000 (剩餘: 7896)
[2025-05-27 00:40:28] 成功更新 1512.TW
[2025-05-27 00:40:33] 已保存 1 筆數據到 data\raw\interim_results_20250527_001256.csv
[2025-05-27 00:40:33] 等待 10 秒後處理下一批...
[2025-05-27 00:40:43] 
處理第 105/200 批，股票代碼 1513.TW 到 1513.TW
[2025-05-27 00:40:43] 
正在更新 1513.TW...
[2025-05-27 00:40:43] 
當前請求限制狀態:
GET 請求限制:
  每分鐘: 4/60 (剩餘: 56)
  每小時: 105/360 (剩餘: 255)
  每天: 105/8000 (剩餘: 7895)
[2025-05-27 00:40:44] 成功更新 1513.TW
[2025-05-27 00:40:49] 已保存 1 筆數據到 data\raw\interim_results_20250527_001256.csv
[2025-05-27 00:40:49] 等待 10 秒後處理下一批...
[2025-05-27 00:40:59] 
處理第 106/200 批，股票代碼 1514.TW 到 1514.TW
[2025-05-27 00:40:59] 
正在更新 1514.TW...
[2025-05-27 00:40:59] 
當前請求限制狀態:
GET 請求限制:
  每分鐘: 4/60 (剩餘: 56)
  每小時: 106/360 (剩餘: 254)
  每天: 106/8000 (剩餘: 7894)
[2025-05-27 00:41:00] 成功更新 1514.TW
[2025-05-27 00:41:05] 已保存 1 筆數據到 data\raw\interim_results_20250527_001256.csv
[2025-05-27 00:41:05] 等待 10 秒後處理下一批...
[2025-05-27 00:41:15] 
處理第 107/200 批，股票代碼 1515.TW 到 1515.TW
[2025-05-27 00:41:15] 
正在更新 1515.TW...
[2025-05-27 00:41:15] 
當前請求限制狀態:
GET 請求限制:
  每分鐘: 4/60 (剩餘: 56)
  每小時: 107/360 (剩餘: 253)
  每天: 107/8000 (剩餘: 7893)
[2025-05-27 00:41:16] 成功更新 1515.TW
[2025-05-27 00:41:21] 已保存 1 筆數據到 data\raw\interim_results_20250527_001256.csv
[2025-05-27 00:41:21] 等待 10 秒後處理下一批...
[2025-05-27 00:41:31] 
處理第 108/200 批，股票代碼 1516.TW 到 1516.TW
[2025-05-27 00:41:31] 
正在更新 1516.TW...
[2025-05-27 00:41:31] 
當前請求限制狀態:
GET 請求限制:
  每分鐘: 4/60 (剩餘: 56)
  每小時: 108/360 (剩餘: 252)
  每天: 108/8000 (剩餘: 7892)
[2025-05-27 00:41:32] 成功更新 1516.TW
[2025-05-27 00:41:37] 已保存 1 筆數據到 data\raw\interim_results_20250527_001256.csv
[2025-05-27 00:41:37] 等待 10 秒後處理下一批...
[2025-05-27 00:41:47] 
處理第 109/200 批，股票代碼 1517.TW 到 1517.TW
[2025-05-27 00:41:47] 
正在更新 1517.TW...
[2025-05-27 00:41:47] 
當前請求限制狀態:
GET 請求限制:
  每分鐘: 4/60 (剩餘: 56)
  每小時: 109/360 (剩餘: 251)
  每天: 109/8000 (剩餘: 7891)
[2025-05-27 00:41:48] 成功更新 1517.TW
[2025-05-27 00:41:53] 已保存 1 筆數據到 data\raw\interim_results_20250527_001256.csv
[2025-05-27 00:41:53] 等待 10 秒後處理下一批...
[2025-05-27 00:42:03] 
處理第 110/200 批，股票代碼 1519.TW 到 1519.TW
[2025-05-27 00:42:03] 
正在更新 1519.TW...
[2025-05-27 00:42:03] 
當前請求限制狀態:
GET 請求限制:
  每分鐘: 4/60 (剩餘: 56)
  每小時: 110/360 (剩餘: 250)
  每天: 110/8000 (剩餘: 7890)
[2025-05-27 00:42:04] 成功更新 1519.TW
[2025-05-27 00:42:09] 已保存 1 筆數據到 data\raw\interim_results_20250527_001256.csv
[2025-05-27 00:42:09] 等待 10 秒後處理下一批...
[2025-05-27 00:42:19] 
處理第 111/200 批，股票代碼 1521.TW 到 1521.TW
[2025-05-27 00:42:19] 
正在更新 1521.TW...
[2025-05-27 00:42:19] 
當前請求限制狀態:
GET 請求限制:
  每分鐘: 4/60 (剩餘: 56)
  每小時: 111/360 (剩餘: 249)
  每天: 111/8000 (剩餘: 7889)
[2025-05-27 00:42:20] 成功更新 1521.TW
[2025-05-27 00:42:25] 已保存 1 筆數據到 data\raw\interim_results_20250527_001256.csv
[2025-05-27 00:42:25] 等待 10 秒後處理下一批...
[2025-05-27 00:42:35] 
處理第 112/200 批，股票代碼 1522.TW 到 1522.TW
[2025-05-27 00:42:35] 
正在更新 1522.TW...
[2025-05-27 00:42:35] 
當前請求限制狀態:
GET 請求限制:
  每分鐘: 4/60 (剩餘: 56)
  每小時: 112/360 (剩餘: 248)
  每天: 112/8000 (剩餘: 7888)
[2025-05-27 00:42:36] 成功更新 1522.TW
[2025-05-27 00:42:41] 已保存 1 筆數據到 data\raw\interim_results_20250527_001256.csv
[2025-05-27 00:42:41] 等待 10 秒後處理下一批...
[2025-05-27 00:42:51] 
處理第 113/200 批，股票代碼 1524.TW 到 1524.TW
[2025-05-27 00:42:51] 
正在更新 1524.TW...
[2025-05-27 00:42:51] 
當前請求限制狀態:
GET 請求限制:
  每分鐘: 4/60 (剩餘: 56)
  每小時: 113/360 (剩餘: 247)
  每天: 113/8000 (剩餘: 7887)
[2025-05-27 00:42:52] 成功更新 1524.TW
[2025-05-27 00:42:57] 已保存 1 筆數據到 data\raw\interim_results_20250527_001256.csv
[2025-05-27 00:42:57] 等待 10 秒後處理下一批...
[2025-05-27 00:43:07] 
處理第 114/200 批，股票代碼 1525.TW 到 1525.TW
[2025-05-27 00:43:07] 
正在更新 1525.TW...
[2025-05-27 00:43:07] 
當前請求限制狀態:
GET 請求限制:
  每分鐘: 4/60 (剩餘: 56)
  每小時: 114/360 (剩餘: 246)
  每天: 114/8000 (剩餘: 7886)
[2025-05-27 00:43:08] 成功更新 1525.TW
[2025-05-27 00:43:13] 已保存 1 筆數據到 data\raw\interim_results_20250527_001256.csv
[2025-05-27 00:43:13] 等待 10 秒後處理下一批...
[2025-05-27 00:43:23] 
處理第 115/200 批，股票代碼 1526.TW 到 1526.TW
[2025-05-27 00:43:23] 
正在更新 1526.TW...
[2025-05-27 00:43:23] 
當前請求限制狀態:
GET 請求限制:
  每分鐘: 4/60 (剩餘: 56)
  每小時: 115/360 (剩餘: 245)
  每天: 115/8000 (剩餘: 7885)
[2025-05-27 00:43:24] 成功更新 1526.TW
[2025-05-27 00:43:29] 已保存 1 筆數據到 data\raw\interim_results_20250527_001256.csv
[2025-05-27 00:43:29] 等待 10 秒後處理下一批...
[2025-05-27 00:43:39] 
處理第 116/200 批，股票代碼 1527.TW 到 1527.TW
[2025-05-27 00:43:39] 
正在更新 1527.TW...
[2025-05-27 00:43:39] 
當前請求限制狀態:
GET 請求限制:
  每分鐘: 4/60 (剩餘: 56)
  每小時: 116/360 (剩餘: 244)
  每天: 116/8000 (剩餘: 7884)
[2025-05-27 00:43:40] 成功更新 1527.TW
[2025-05-27 00:43:45] 已保存 1 筆數據到 data\raw\interim_results_20250527_001256.csv
[2025-05-27 00:43:45] 等待 10 秒後處理下一批...
[2025-05-27 00:43:55] 
處理第 117/200 批，股票代碼 1528.TW 到 1528.TW
[2025-05-27 00:43:55] 
正在更新 1528.TW...
[2025-05-27 00:43:55] 
當前請求限制狀態:
GET 請求限制:
  每分鐘: 4/60 (剩餘: 56)
  每小時: 117/360 (剩餘: 243)
  每天: 117/8000 (剩餘: 7883)
[2025-05-27 00:43:56] 成功更新 1528.TW
[2025-05-27 00:44:01] 已保存 1 筆數據到 data\raw\interim_results_20250527_001256.csv
[2025-05-27 00:44:01] 等待 10 秒後處理下一批...
[2025-05-27 00:44:11] 
處理第 118/200 批，股票代碼 1529.TW 到 1529.TW
[2025-05-27 00:44:11] 
正在更新 1529.TW...
[2025-05-27 00:44:11] 
當前請求限制狀態:
GET 請求限制:
  每分鐘: 4/60 (剩餘: 56)
  每小時: 118/360 (剩餘: 242)
  每天: 118/8000 (剩餘: 7882)
[2025-05-27 00:44:12] 成功更新 1529.TW
[2025-05-27 00:44:17] 已保存 1 筆數據到 data\raw\interim_results_20250527_001256.csv
[2025-05-27 00:44:17] 等待 10 秒後處理下一批...
[2025-05-27 00:44:27] 
處理第 119/200 批，股票代碼 1530.TW 到 1530.TW
[2025-05-27 00:44:27] 
正在更新 1530.TW...
[2025-05-27 00:44:27] 
當前請求限制狀態:
GET 請求限制:
  每分鐘: 4/60 (剩餘: 56)
  每小時: 119/360 (剩餘: 241)
  每天: 119/8000 (剩餘: 7881)
[2025-05-27 00:44:27] 成功更新 1530.TW
[2025-05-27 00:44:33] 已保存 1 筆數據到 data\raw\interim_results_20250527_001256.csv
[2025-05-27 00:44:33] 等待 10 秒後處理下一批...
[2025-05-27 00:44:43] 
處理第 120/200 批，股票代碼 1531.TW 到 1531.TW
[2025-05-27 00:44:43] 
正在更新 1531.TW...
[2025-05-27 00:44:43] 
當前請求限制狀態:
GET 請求限制:
  每分鐘: 4/60 (剩餘: 56)
  每小時: 120/360 (剩餘: 240)
  每天: 120/8000 (剩餘: 7880)
[2025-05-27 00:44:43] 成功更新 1531.TW
[2025-05-27 00:44:49] 已保存 1 筆數據到 data\raw\interim_results_20250527_001256.csv
[2025-05-27 00:44:49] 等待 10 秒後處理下一批...
[2025-05-27 00:44:59] 
處理第 121/200 批，股票代碼 1532.TW 到 1532.TW
[2025-05-27 00:44:59] 
正在更新 1532.TW...
[2025-05-27 00:44:59] 
當前請求限制狀態:
GET 請求限制:
  每分鐘: 4/60 (剩餘: 56)
  每小時: 121/360 (剩餘: 239)
  每天: 121/8000 (剩餘: 7879)
[2025-05-27 00:44:59] 成功更新 1532.TW
[2025-05-27 00:45:05] 已保存 1 筆數據到 data\raw\interim_results_20250527_001256.csv
[2025-05-27 00:45:05] 等待 10 秒後處理下一批...
[2025-05-27 00:45:15] 
處理第 122/200 批，股票代碼 1533.TW 到 1533.TW
[2025-05-27 00:45:15] 
正在更新 1533.TW...
[2025-05-27 00:45:15] 
當前請求限制狀態:
GET 請求限制:
  每分鐘: 4/60 (剩餘: 56)
  每小時: 122/360 (剩餘: 238)
  每天: 122/8000 (剩餘: 7878)
[2025-05-27 00:45:15] 成功更新 1533.TW
[2025-05-27 00:45:21] 已保存 1 筆數據到 data\raw\interim_results_20250527_001256.csv
[2025-05-27 00:45:21] 等待 10 秒後處理下一批...
[2025-05-27 00:45:31] 
處理第 123/200 批，股票代碼 1535.TW 到 1535.TW
[2025-05-27 00:45:31] 
正在更新 1535.TW...
[2025-05-27 00:45:31] 
當前請求限制狀態:
GET 請求限制:
  每分鐘: 4/60 (剩餘: 56)
  每小時: 123/360 (剩餘: 237)
  每天: 123/8000 (剩餘: 7877)
[2025-05-27 00:45:31] 成功更新 1535.TW
[2025-05-27 00:45:37] 已保存 1 筆數據到 data\raw\interim_results_20250527_001256.csv
[2025-05-27 00:45:37] 等待 10 秒後處理下一批...
[2025-05-27 00:45:47] 
處理第 124/200 批，股票代碼 1536.TW 到 1536.TW
[2025-05-27 00:45:47] 
正在更新 1536.TW...
[2025-05-27 00:45:47] 
當前請求限制狀態:
GET 請求限制:
  每分鐘: 4/60 (剩餘: 56)
  每小時: 124/360 (剩餘: 236)
  每天: 124/8000 (剩餘: 7876)
[2025-05-27 00:45:47] 成功更新 1536.TW
[2025-05-27 00:45:53] 已保存 1 筆數據到 data\raw\interim_results_20250527_001256.csv
[2025-05-27 00:45:53] 等待 10 秒後處理下一批...
[2025-05-27 00:46:03] 
處理第 125/200 批，股票代碼 1537.TW 到 1537.TW
[2025-05-27 00:46:03] 
正在更新 1537.TW...
[2025-05-27 00:46:03] 
當前請求限制狀態:
GET 請求限制:
  每分鐘: 4/60 (剩餘: 56)
  每小時: 125/360 (剩餘: 235)
  每天: 125/8000 (剩餘: 7875)
[2025-05-27 00:46:03] 成功更新 1537.TW
[2025-05-27 00:46:09] 已保存 1 筆數據到 data\raw\interim_results_20250527_001256.csv
[2025-05-27 00:46:09] 等待 10 秒後處理下一批...
[2025-05-27 00:46:19] 
處理第 126/200 批，股票代碼 1538.TW 到 1538.TW
[2025-05-27 00:46:19] 
正在更新 1538.TW...
[2025-05-27 00:46:19] 
當前請求限制狀態:
GET 請求限制:
  每分鐘: 4/60 (剩餘: 56)
  每小時: 126/360 (剩餘: 234)
  每天: 126/8000 (剩餘: 7874)
[2025-05-27 00:46:19] 成功更新 1538.TW
[2025-05-27 00:46:25] 已保存 1 筆數據到 data\raw\interim_results_20250527_001256.csv
[2025-05-27 00:46:25] 等待 10 秒後處理下一批...
[2025-05-27 00:46:35] 
處理第 127/200 批，股票代碼 1539.TW 到 1539.TW
[2025-05-27 00:46:35] 
正在更新 1539.TW...
[2025-05-27 00:46:35] 
當前請求限制狀態:
GET 請求限制:
  每分鐘: 4/60 (剩餘: 56)
  每小時: 127/360 (剩餘: 233)
  每天: 127/8000 (剩餘: 7873)
[2025-05-27 00:46:35] 成功更新 1539.TW
[2025-05-27 00:46:41] 已保存 1 筆數據到 data\raw\interim_results_20250527_001256.csv
[2025-05-27 00:46:41] 等待 10 秒後處理下一批...
[2025-05-27 00:46:51] 
處理第 128/200 批，股票代碼 1540.TW 到 1540.TW
[2025-05-27 00:46:51] 
正在更新 1540.TW...
[2025-05-27 00:46:51] 
當前請求限制狀態:
GET 請求限制:
  每分鐘: 4/60 (剩餘: 56)
  每小時: 128/360 (剩餘: 232)
  每天: 128/8000 (剩餘: 7872)
[2025-05-27 00:46:51] 成功更新 1540.TW
[2025-05-27 00:46:57] 已保存 1 筆數據到 data\raw\interim_results_20250527_001256.csv
[2025-05-27 00:46:57] 等待 10 秒後處理下一批...
[2025-05-27 00:47:07] 
處理第 129/200 批，股票代碼 1541.TW 到 1541.TW
[2025-05-27 00:47:07] 
正在更新 1541.TW...
[2025-05-27 00:47:07] 
當前請求限制狀態:
GET 請求限制:
  每分鐘: 4/60 (剩餘: 56)
  每小時: 129/360 (剩餘: 231)
  每天: 129/8000 (剩餘: 7871)
[2025-05-27 00:47:08] 成功更新 1541.TW
[2025-05-27 00:47:13] 已保存 1 筆數據到 data\raw\interim_results_20250527_001256.csv
[2025-05-27 00:47:13] 等待 10 秒後處理下一批...
[2025-05-27 00:47:23] 
處理第 130/200 批，股票代碼 1558.TW 到 1558.TW
[2025-05-27 00:47:23] 
正在更新 1558.TW...
[2025-05-27 00:47:23] 
當前請求限制狀態:
GET 請求限制:
  每分鐘: 4/60 (剩餘: 56)
  每小時: 130/360 (剩餘: 230)
  每天: 130/8000 (剩餘: 7870)
[2025-05-27 00:47:23] 成功更新 1558.TW
[2025-05-27 00:47:29] 已保存 1 筆數據到 data\raw\interim_results_20250527_001256.csv
[2025-05-27 00:47:29] 等待 10 秒後處理下一批...
[2025-05-27 00:47:39] 
處理第 131/200 批，股票代碼 1560.TW 到 1560.TW
[2025-05-27 00:47:39] 
正在更新 1560.TW...
[2025-05-27 00:47:39] 
當前請求限制狀態:
GET 請求限制:
  每分鐘: 4/60 (剩餘: 56)
  每小時: 131/360 (剩餘: 229)
  每天: 131/8000 (剩餘: 7869)
[2025-05-27 00:47:39] 成功更新 1560.TW
[2025-05-27 00:47:45] 已保存 1 筆數據到 data\raw\interim_results_20250527_001256.csv
[2025-05-27 00:47:45] 等待 10 秒後處理下一批...
[2025-05-27 00:47:55] 
處理第 132/200 批，股票代碼 1563.TW 到 1563.TW
[2025-05-27 00:47:55] 
正在更新 1563.TW...
[2025-05-27 00:47:55] 
當前請求限制狀態:
GET 請求限制:
  每分鐘: 4/60 (剩餘: 56)
  每小時: 132/360 (剩餘: 228)
  每天: 132/8000 (剩餘: 7868)
[2025-05-27 00:47:55] 成功更新 1563.TW
[2025-05-27 00:48:01] 已保存 1 筆數據到 data\raw\interim_results_20250527_001256.csv
[2025-05-27 00:48:01] 等待 10 秒後處理下一批...
[2025-05-27 00:48:11] 
處理第 133/200 批，股票代碼 1568.TW 到 1568.TW
[2025-05-27 00:48:11] 
正在更新 1568.TW...
[2025-05-27 00:48:11] 
當前請求限制狀態:
GET 請求限制:
  每分鐘: 4/60 (剩餘: 56)
  每小時: 133/360 (剩餘: 227)
  每天: 133/8000 (剩餘: 7867)
[2025-05-27 00:48:11] 成功更新 1568.TW
[2025-05-27 00:48:17] 已保存 1 筆數據到 data\raw\interim_results_20250527_001256.csv
[2025-05-27 00:48:17] 等待 10 秒後處理下一批...
[2025-05-27 00:48:27] 
處理第 134/200 批，股票代碼 1582.TW 到 1582.TW
[2025-05-27 00:48:27] 
正在更新 1582.TW...
[2025-05-27 00:48:27] 
當前請求限制狀態:
GET 請求限制:
  每分鐘: 4/60 (剩餘: 56)
  每小時: 134/360 (剩餘: 226)
  每天: 134/8000 (剩餘: 7866)
[2025-05-27 00:48:27] 成功更新 1582.TW
[2025-05-27 00:48:32] 已保存 1 筆數據到 data\raw\interim_results_20250527_001256.csv
[2025-05-27 00:48:32] 等待 10 秒後處理下一批...
[2025-05-27 00:48:42] 
處理第 135/200 批，股票代碼 1583.TW 到 1583.TW
[2025-05-27 00:48:42] 
正在更新 1583.TW...
[2025-05-27 00:48:42] 
當前請求限制狀態:
GET 請求限制:
  每分鐘: 4/60 (剩餘: 56)
  每小時: 135/360 (剩餘: 225)
  每天: 135/8000 (剩餘: 7865)
[2025-05-27 00:48:43] 成功更新 1583.TW
[2025-05-27 00:48:48] 已保存 1 筆數據到 data\raw\interim_results_20250527_001256.csv
[2025-05-27 00:48:48] 等待 10 秒後處理下一批...
[2025-05-27 00:48:58] 
處理第 136/200 批，股票代碼 1587.TW 到 1587.TW
[2025-05-27 00:48:58] 
正在更新 1587.TW...
[2025-05-27 00:48:58] 
當前請求限制狀態:
GET 請求限制:
  每分鐘: 4/60 (剩餘: 56)
  每小時: 136/360 (剩餘: 224)
  每天: 136/8000 (剩餘: 7864)
[2025-05-27 00:48:59] 成功更新 1587.TW
[2025-05-27 00:49:04] 已保存 1 筆數據到 data\raw\interim_results_20250527_001256.csv
[2025-05-27 00:49:04] 等待 10 秒後處理下一批...
[2025-05-27 00:49:14] 
處理第 137/200 批，股票代碼 1589.TW 到 1589.TW
[2025-05-27 00:49:14] 
正在更新 1589.TW...
[2025-05-27 00:49:14] 
當前請求限制狀態:
GET 請求限制:
  每分鐘: 4/60 (剩餘: 56)
  每小時: 137/360 (剩餘: 223)
  每天: 137/8000 (剩餘: 7863)
[2025-05-27 00:49:15] 成功更新 1589.TW
[2025-05-27 00:49:20] 已保存 1 筆數據到 data\raw\interim_results_20250527_001256.csv
[2025-05-27 00:49:20] 等待 10 秒後處理下一批...
[2025-05-27 00:49:30] 
處理第 138/200 批，股票代碼 1590.TW 到 1590.TW
[2025-05-27 00:49:30] 
正在更新 1590.TW...
[2025-05-27 00:49:30] 
當前請求限制狀態:
GET 請求限制:
  每分鐘: 4/60 (剩餘: 56)
  每小時: 138/360 (剩餘: 222)
  每天: 138/8000 (剩餘: 7862)
[2025-05-27 00:49:30] 成功更新 1590.TW
[2025-05-27 00:49:36] 已保存 1 筆數據到 data\raw\interim_results_20250527_001256.csv
[2025-05-27 00:49:36] 等待 10 秒後處理下一批...
[2025-05-27 00:49:46] 
處理第 139/200 批，股票代碼 1597.TW 到 1597.TW
[2025-05-27 00:49:46] 
正在更新 1597.TW...
[2025-05-27 00:49:46] 
當前請求限制狀態:
GET 請求限制:
  每分鐘: 4/60 (剩餘: 56)
  每小時: 139/360 (剩餘: 221)
  每天: 139/8000 (剩餘: 7861)
[2025-05-27 00:49:46] 成功更新 1597.TW
[2025-05-27 00:49:52] 已保存 1 筆數據到 data\raw\interim_results_20250527_001256.csv
[2025-05-27 00:49:52] 等待 10 秒後處理下一批...
[2025-05-27 00:50:02] 
處理第 140/200 批，股票代碼 1598.TW 到 1598.TW
[2025-05-27 00:50:02] 
正在更新 1598.TW...
[2025-05-27 00:50:02] 
當前請求限制狀態:
GET 請求限制:
  每分鐘: 4/60 (剩餘: 56)
  每小時: 140/360 (剩餘: 220)
  每天: 140/8000 (剩餘: 7860)
[2025-05-27 00:50:02] 成功更新 1598.TW
[2025-05-27 00:50:08] 已保存 1 筆數據到 data\raw\interim_results_20250527_001256.csv
[2025-05-27 00:50:08] 等待 10 秒後處理下一批...
[2025-05-27 00:50:18] 
處理第 141/200 批，股票代碼 1603.TW 到 1603.TW
[2025-05-27 00:50:18] 
正在更新 1603.TW...
[2025-05-27 00:50:18] 
當前請求限制狀態:
GET 請求限制:
  每分鐘: 4/60 (剩餘: 56)
  每小時: 141/360 (剩餘: 219)
  每天: 141/8000 (剩餘: 7859)
[2025-05-27 00:50:18] 成功更新 1603.TW
[2025-05-27 00:50:24] 已保存 1 筆數據到 data\raw\interim_results_20250527_001256.csv
[2025-05-27 00:50:24] 等待 10 秒後處理下一批...
[2025-05-27 00:50:34] 
處理第 142/200 批，股票代碼 1604.TW 到 1604.TW
[2025-05-27 00:50:34] 
正在更新 1604.TW...
[2025-05-27 00:50:34] 
當前請求限制狀態:
GET 請求限制:
  每分鐘: 4/60 (剩餘: 56)
  每小時: 142/360 (剩餘: 218)
  每天: 142/8000 (剩餘: 7858)
[2025-05-27 00:50:34] 成功更新 1604.TW
[2025-05-27 00:50:40] 已保存 1 筆數據到 data\raw\interim_results_20250527_001256.csv
[2025-05-27 00:50:40] 等待 10 秒後處理下一批...
[2025-05-27 00:50:50] 
處理第 143/200 批，股票代碼 1605.TW 到 1605.TW
[2025-05-27 00:50:50] 
正在更新 1605.TW...
[2025-05-27 00:50:50] 
當前請求限制狀態:
GET 請求限制:
  每分鐘: 4/60 (剩餘: 56)
  每小時: 143/360 (剩餘: 217)
  每天: 143/8000 (剩餘: 7857)
[2025-05-27 00:50:50] 成功更新 1605.TW
[2025-05-27 00:50:55] 已保存 1 筆數據到 data\raw\interim_results_20250527_001256.csv
[2025-05-27 00:50:55] 等待 10 秒後處理下一批...
[2025-05-27 00:51:05] 
處理第 144/200 批，股票代碼 1608.TW 到 1608.TW
[2025-05-27 00:51:05] 
正在更新 1608.TW...
[2025-05-27 00:51:05] 
當前請求限制狀態:
GET 請求限制:
  每分鐘: 4/60 (剩餘: 56)
  每小時: 144/360 (剩餘: 216)
  每天: 144/8000 (剩餘: 7856)
[2025-05-27 00:51:06] 成功更新 1608.TW
[2025-05-27 00:51:11] 已保存 1 筆數據到 data\raw\interim_results_20250527_001256.csv
[2025-05-27 00:51:11] 等待 10 秒後處理下一批...
[2025-05-27 00:51:21] 
處理第 145/200 批，股票代碼 1609.TW 到 1609.TW
[2025-05-27 00:51:21] 
正在更新 1609.TW...
[2025-05-27 00:51:21] 
當前請求限制狀態:
GET 請求限制:
  每分鐘: 4/60 (剩餘: 56)
  每小時: 145/360 (剩餘: 215)
  每天: 145/8000 (剩餘: 7855)
[2025-05-27 00:51:22] 成功更新 1609.TW
[2025-05-27 00:51:27] 已保存 1 筆數據到 data\raw\interim_results_20250527_001256.csv
[2025-05-27 00:51:27] 等待 10 秒後處理下一批...
[2025-05-27 00:51:37] 
處理第 146/200 批，股票代碼 1611.TW 到 1611.TW
[2025-05-27 00:51:37] 
正在更新 1611.TW...
[2025-05-27 00:51:37] 
當前請求限制狀態:
GET 請求限制:
  每分鐘: 4/60 (剩餘: 56)
  每小時: 146/360 (剩餘: 214)
  每天: 146/8000 (剩餘: 7854)
[2025-05-27 00:51:38] 成功更新 1611.TW
[2025-05-27 00:51:43] 已保存 1 筆數據到 data\raw\interim_results_20250527_001256.csv
[2025-05-27 00:51:43] 等待 10 秒後處理下一批...
[2025-05-27 00:51:53] 
處理第 147/200 批，股票代碼 1612.TW 到 1612.TW
[2025-05-27 00:51:53] 
正在更新 1612.TW...
[2025-05-27 00:51:53] 
當前請求限制狀態:
GET 請求限制:
  每分鐘: 4/60 (剩餘: 56)
  每小時: 147/360 (剩餘: 213)
  每天: 147/8000 (剩餘: 7853)
[2025-05-27 00:51:54] 成功更新 1612.TW
[2025-05-27 00:51:59] 已保存 1 筆數據到 data\raw\interim_results_20250527_001256.csv
[2025-05-27 00:51:59] 等待 10 秒後處理下一批...
[2025-05-27 00:52:09] 
處理第 148/200 批，股票代碼 1614.TW 到 1614.TW
[2025-05-27 00:52:09] 
正在更新 1614.TW...
[2025-05-27 00:52:09] 
當前請求限制狀態:
GET 請求限制:
  每分鐘: 4/60 (剩餘: 56)
  每小時: 148/360 (剩餘: 212)
  每天: 148/8000 (剩餘: 7852)
[2025-05-27 00:52:10] 成功更新 1614.TW
[2025-05-27 00:52:15] 已保存 1 筆數據到 data\raw\interim_results_20250527_001256.csv
[2025-05-27 00:52:15] 等待 10 秒後處理下一批...
[2025-05-27 00:52:25] 
處理第 149/200 批，股票代碼 1615.TW 到 1615.TW
[2025-05-27 00:52:25] 
正在更新 1615.TW...
[2025-05-27 00:52:25] 
當前請求限制狀態:
GET 請求限制:
  每分鐘: 4/60 (剩餘: 56)
  每小時: 149/360 (剩餘: 211)
  每天: 149/8000 (剩餘: 7851)
[2025-05-27 00:52:26] 成功更新 1615.TW
[2025-05-27 00:52:31] 已保存 1 筆數據到 data\raw\interim_results_20250527_001256.csv
[2025-05-27 00:52:31] 等待 10 秒後處理下一批...
[2025-05-27 00:52:41] 
處理第 150/200 批，股票代碼 1616.TW 到 1616.TW
[2025-05-27 00:52:41] 
正在更新 1616.TW...
[2025-05-27 00:52:41] 
當前請求限制狀態:
GET 請求限制:
  每分鐘: 4/60 (剩餘: 56)
  每小時: 150/360 (剩餘: 210)
  每天: 150/8000 (剩餘: 7850)
[2025-05-27 00:52:42] 成功更新 1616.TW
[2025-05-27 00:52:47] 已保存 1 筆數據到 data\raw\interim_results_20250527_001256.csv
[2025-05-27 00:52:47] 等待 10 秒後處理下一批...
[2025-05-27 00:52:57] 
處理第 151/200 批，股票代碼 1617.TW 到 1617.TW
[2025-05-27 00:52:57] 
正在更新 1617.TW...
[2025-05-27 00:52:57] 
當前請求限制狀態:
GET 請求限制:
  每分鐘: 4/60 (剩餘: 56)
  每小時: 151/360 (剩餘: 209)
  每天: 151/8000 (剩餘: 7849)
[2025-05-27 00:52:58] 成功更新 1617.TW
[2025-05-27 00:53:03] 已保存 1 筆數據到 data\raw\interim_results_20250527_001256.csv
[2025-05-27 00:53:03] 等待 10 秒後處理下一批...
[2025-05-27 00:53:13] 
處理第 152/200 批，股票代碼 1618.TW 到 1618.TW
[2025-05-27 00:53:13] 
正在更新 1618.TW...
[2025-05-27 00:53:13] 
當前請求限制狀態:
GET 請求限制:
  每分鐘: 4/60 (剩餘: 56)
  每小時: 152/360 (剩餘: 208)
  每天: 152/8000 (剩餘: 7848)
[2025-05-27 00:53:14] 成功更新 1618.TW
[2025-05-27 00:53:19] 已保存 1 筆數據到 data\raw\interim_results_20250527_001256.csv
[2025-05-27 00:53:19] 等待 10 秒後處理下一批...
[2025-05-27 00:53:29] 
處理第 153/200 批，股票代碼 1626.TW 到 1626.TW
[2025-05-27 00:53:29] 
正在更新 1626.TW...
[2025-05-27 00:53:29] 
當前請求限制狀態:
GET 請求限制:
  每分鐘: 4/60 (剩餘: 56)
  每小時: 153/360 (剩餘: 207)
  每天: 153/8000 (剩餘: 7847)
[2025-05-27 00:53:30] 成功更新 1626.TW
[2025-05-27 00:53:35] 已保存 1 筆數據到 data\raw\interim_results_20250527_001256.csv
[2025-05-27 00:53:35] 等待 10 秒後處理下一批...
[2025-05-27 00:53:45] 
處理第 154/200 批，股票代碼 1702.TW 到 1702.TW
[2025-05-27 00:53:45] 
正在更新 1702.TW...
[2025-05-27 00:53:45] 
當前請求限制狀態:
GET 請求限制:
  每分鐘: 4/60 (剩餘: 56)
  每小時: 154/360 (剩餘: 206)
  每天: 154/8000 (剩餘: 7846)
[2025-05-27 00:53:45] 成功更新 1702.TW
[2025-05-27 00:53:51] 已保存 1 筆數據到 data\raw\interim_results_20250527_001256.csv
[2025-05-27 00:53:51] 等待 10 秒後處理下一批...
[2025-05-27 00:54:01] 
處理第 155/200 批，股票代碼 1707.TW 到 1707.TW
[2025-05-27 00:54:01] 
正在更新 1707.TW...
[2025-05-27 00:54:01] 
當前請求限制狀態:
GET 請求限制:
  每分鐘: 4/60 (剩餘: 56)
  每小時: 155/360 (剩餘: 205)
  每天: 155/8000 (剩餘: 7845)
[2025-05-27 00:54:01] 成功更新 1707.TW
[2025-05-27 00:54:07] 已保存 1 筆數據到 data\raw\interim_results_20250527_001256.csv
[2025-05-27 00:54:07] 等待 10 秒後處理下一批...
[2025-05-27 00:54:17] 
處理第 156/200 批，股票代碼 1708.TW 到 1708.TW
[2025-05-27 00:54:17] 
正在更新 1708.TW...
[2025-05-27 00:54:17] 
當前請求限制狀態:
GET 請求限制:
  每分鐘: 4/60 (剩餘: 56)
  每小時: 156/360 (剩餘: 204)
  每天: 156/8000 (剩餘: 7844)
[2025-05-27 00:54:17] 成功更新 1708.TW
[2025-05-27 00:54:23] 已保存 1 筆數據到 data\raw\interim_results_20250527_001256.csv
[2025-05-27 00:54:23] 等待 10 秒後處理下一批...
[2025-05-27 00:54:33] 
處理第 157/200 批，股票代碼 1709.TW 到 1709.TW
[2025-05-27 00:54:33] 
正在更新 1709.TW...
[2025-05-27 00:54:33] 
當前請求限制狀態:
GET 請求限制:
  每分鐘: 4/60 (剩餘: 56)
  每小時: 157/360 (剩餘: 203)
  每天: 157/8000 (剩餘: 7843)
[2025-05-27 00:54:33] 成功更新 1709.TW
[2025-05-27 00:54:38] 已保存 1 筆數據到 data\raw\interim_results_20250527_001256.csv
[2025-05-27 00:54:38] 等待 10 秒後處理下一批...
[2025-05-27 00:54:48] 
處理第 158/200 批，股票代碼 1710.TW 到 1710.TW
[2025-05-27 00:54:48] 
正在更新 1710.TW...
[2025-05-27 00:54:48] 
當前請求限制狀態:
GET 請求限制:
  每分鐘: 4/60 (剩餘: 56)
  每小時: 158/360 (剩餘: 202)
  每天: 158/8000 (剩餘: 7842)
[2025-05-27 00:54:49] 成功更新 1710.TW
[2025-05-27 00:54:54] 已保存 1 筆數據到 data\raw\interim_results_20250527_001256.csv
[2025-05-27 00:54:54] 等待 10 秒後處理下一批...
[2025-05-27 00:55:04] 
處理第 159/200 批，股票代碼 1711.TW 到 1711.TW
[2025-05-27 00:55:04] 
正在更新 1711.TW...
[2025-05-27 00:55:04] 
當前請求限制狀態:
GET 請求限制:
  每分鐘: 4/60 (剩餘: 56)
  每小時: 159/360 (剩餘: 201)
  每天: 159/8000 (剩餘: 7841)
[2025-05-27 00:55:05] 成功更新 1711.TW
[2025-05-27 00:55:11] 已保存 1 筆數據到 data\raw\interim_results_20250527_001256.csv
[2025-05-27 00:55:11] 等待 10 秒後處理下一批...
[2025-05-27 00:55:21] 
處理第 160/200 批，股票代碼 1712.TW 到 1712.TW
[2025-05-27 00:55:21] 
正在更新 1712.TW...
[2025-05-27 00:55:21] 
當前請求限制狀態:
GET 請求限制:
  每分鐘: 4/60 (剩餘: 56)
  每小時: 160/360 (剩餘: 200)
  每天: 160/8000 (剩餘: 7840)
[2025-05-27 00:55:21] 成功更新 1712.TW
[2025-05-27 00:55:27] 已保存 1 筆數據到 data\raw\interim_results_20250527_001256.csv
[2025-05-27 00:55:27] 等待 10 秒後處理下一批...
[2025-05-27 00:55:37] 
處理第 161/200 批，股票代碼 1713.TW 到 1713.TW
[2025-05-27 00:55:37] 
正在更新 1713.TW...
[2025-05-27 00:55:37] 
當前請求限制狀態:
GET 請求限制:
  每分鐘: 4/60 (剩餘: 56)
  每小時: 161/360 (剩餘: 199)
  每天: 161/8000 (剩餘: 7839)
[2025-05-27 00:55:37] 成功更新 1713.TW
[2025-05-27 00:55:43] 已保存 1 筆數據到 data\raw\interim_results_20250527_001256.csv
[2025-05-27 00:55:43] 等待 10 秒後處理下一批...
[2025-05-27 00:55:53] 
處理第 162/200 批，股票代碼 1714.TW 到 1714.TW
[2025-05-27 00:55:53] 
正在更新 1714.TW...
[2025-05-27 00:55:53] 
當前請求限制狀態:
GET 請求限制:
  每分鐘: 4/60 (剩餘: 56)
  每小時: 162/360 (剩餘: 198)
  每天: 162/8000 (剩餘: 7838)
[2025-05-27 00:55:53] 成功更新 1714.TW
[2025-05-27 00:55:59] 已保存 1 筆數據到 data\raw\interim_results_20250527_001256.csv
[2025-05-27 00:55:59] 等待 10 秒後處理下一批...
[2025-05-27 00:56:09] 
處理第 163/200 批，股票代碼 1717.TW 到 1717.TW
[2025-05-27 00:56:09] 
正在更新 1717.TW...
[2025-05-27 00:56:09] 
當前請求限制狀態:
GET 請求限制:
  每分鐘: 4/60 (剩餘: 56)
  每小時: 163/360 (剩餘: 197)
  每天: 163/8000 (剩餘: 7837)
[2025-05-27 00:56:09] 成功更新 1717.TW
[2025-05-27 00:56:15] 已保存 1 筆數據到 data\raw\interim_results_20250527_001256.csv
[2025-05-27 00:56:15] 等待 10 秒後處理下一批...
[2025-05-27 00:56:25] 
處理第 164/200 批，股票代碼 1718.TW 到 1718.TW
[2025-05-27 00:56:25] 
正在更新 1718.TW...
[2025-05-27 00:56:25] 
當前請求限制狀態:
GET 請求限制:
  每分鐘: 4/60 (剩餘: 56)
  每小時: 164/360 (剩餘: 196)
  每天: 164/8000 (剩餘: 7836)
[2025-05-27 00:56:25] 成功更新 1718.TW
[2025-05-27 00:56:31] 已保存 1 筆數據到 data\raw\interim_results_20250527_001256.csv
[2025-05-27 00:56:31] 等待 10 秒後處理下一批...
[2025-05-27 00:56:41] 
處理第 165/200 批，股票代碼 1720.TW 到 1720.TW
[2025-05-27 00:56:41] 
正在更新 1720.TW...
[2025-05-27 00:56:41] 
當前請求限制狀態:
GET 請求限制:
  每分鐘: 4/60 (剩餘: 56)
  每小時: 165/360 (剩餘: 195)
  每天: 165/8000 (剩餘: 7835)
[2025-05-27 00:56:41] 成功更新 1720.TW
[2025-05-27 00:56:47] 已保存 1 筆數據到 data\raw\interim_results_20250527_001256.csv
[2025-05-27 00:56:47] 等待 10 秒後處理下一批...
[2025-05-27 00:56:57] 
處理第 166/200 批，股票代碼 1721.TW 到 1721.TW
[2025-05-27 00:56:57] 
正在更新 1721.TW...
[2025-05-27 00:56:57] 
當前請求限制狀態:
GET 請求限制:
  每分鐘: 4/60 (剩餘: 56)
  每小時: 166/360 (剩餘: 194)
  每天: 166/8000 (剩餘: 7834)
[2025-05-27 00:56:57] 成功更新 1721.TW
[2025-05-27 00:57:03] 已保存 1 筆數據到 data\raw\interim_results_20250527_001256.csv
[2025-05-27 00:57:03] 等待 10 秒後處理下一批...
[2025-05-27 00:57:13] 
處理第 167/200 批，股票代碼 1722.TW 到 1722.TW
[2025-05-27 00:57:13] 
正在更新 1722.TW...
[2025-05-27 00:57:13] 
當前請求限制狀態:
GET 請求限制:
  每分鐘: 4/60 (剩餘: 56)
  每小時: 167/360 (剩餘: 193)
  每天: 167/8000 (剩餘: 7833)
[2025-05-27 00:57:13] 成功更新 1722.TW
[2025-05-27 00:57:19] 已保存 1 筆數據到 data\raw\interim_results_20250527_001256.csv
[2025-05-27 00:57:19] 等待 10 秒後處理下一批...
[2025-05-27 00:57:29] 
處理第 168/200 批，股票代碼 1723.TW 到 1723.TW
[2025-05-27 00:57:29] 
正在更新 1723.TW...
[2025-05-27 00:57:29] 
當前請求限制狀態:
GET 請求限制:
  每分鐘: 4/60 (剩餘: 56)
  每小時: 168/360 (剩餘: 192)
  每天: 168/8000 (剩餘: 7832)
[2025-05-27 00:57:30] 成功更新 1723.TW
[2025-05-27 00:57:35] 已保存 1 筆數據到 data\raw\interim_results_20250527_001256.csv
[2025-05-27 00:57:35] 等待 10 秒後處理下一批...
[2025-05-27 00:57:45] 
處理第 169/200 批，股票代碼 1725.TW 到 1725.TW
[2025-05-27 00:57:45] 
正在更新 1725.TW...
[2025-05-27 00:57:45] 
當前請求限制狀態:
GET 請求限制:
  每分鐘: 4/60 (剩餘: 56)
  每小時: 169/360 (剩餘: 191)
  每天: 169/8000 (剩餘: 7831)
[2025-05-27 00:57:46] 成功更新 1725.TW
[2025-05-27 00:57:51] 已保存 1 筆數據到 data\raw\interim_results_20250527_001256.csv
[2025-05-27 00:57:51] 等待 10 秒後處理下一批...
[2025-05-27 00:58:01] 
處理第 170/200 批，股票代碼 1726.TW 到 1726.TW
[2025-05-27 00:58:01] 
正在更新 1726.TW...
[2025-05-27 00:58:01] 
當前請求限制狀態:
GET 請求限制:
  每分鐘: 4/60 (剩餘: 56)
  每小時: 170/360 (剩餘: 190)
  每天: 170/8000 (剩餘: 7830)
[2025-05-27 00:58:02] 成功更新 1726.TW
[2025-05-27 00:58:07] 已保存 1 筆數據到 data\raw\interim_results_20250527_001256.csv
[2025-05-27 00:58:07] 等待 10 秒後處理下一批...
[2025-05-27 00:58:17] 
處理第 171/200 批，股票代碼 1727.TW 到 1727.TW
[2025-05-27 00:58:17] 
正在更新 1727.TW...
[2025-05-27 00:58:17] 
當前請求限制狀態:
GET 請求限制:
  每分鐘: 4/60 (剩餘: 56)
  每小時: 171/360 (剩餘: 189)
  每天: 171/8000 (剩餘: 7829)
[2025-05-27 00:58:18] 成功更新 1727.TW
[2025-05-27 00:58:23] 已保存 1 筆數據到 data\raw\interim_results_20250527_001256.csv
[2025-05-27 00:58:23] 等待 10 秒後處理下一批...
[2025-05-27 00:58:33] 
處理第 172/200 批，股票代碼 1730.TW 到 1730.TW
[2025-05-27 00:58:33] 
正在更新 1730.TW...
[2025-05-27 00:58:33] 
當前請求限制狀態:
GET 請求限制:
  每分鐘: 4/60 (剩餘: 56)
  每小時: 172/360 (剩餘: 188)
  每天: 172/8000 (剩餘: 7828)
[2025-05-27 00:58:34] 成功更新 1730.TW
[2025-05-27 00:58:39] 已保存 1 筆數據到 data\raw\interim_results_20250527_001256.csv
[2025-05-27 00:58:39] 等待 10 秒後處理下一批...
[2025-05-27 00:58:49] 
處理第 173/200 批，股票代碼 1731.TW 到 1731.TW
[2025-05-27 00:58:49] 
正在更新 1731.TW...
[2025-05-27 00:58:49] 
當前請求限制狀態:
GET 請求限制:
  每分鐘: 4/60 (剩餘: 56)
  每小時: 173/360 (剩餘: 187)
  每天: 173/8000 (剩餘: 7827)
[2025-05-27 00:58:50] 成功更新 1731.TW
[2025-05-27 00:58:55] 已保存 1 筆數據到 data\raw\interim_results_20250527_001256.csv
[2025-05-27 00:58:55] 等待 10 秒後處理下一批...
[2025-05-27 00:59:05] 
處理第 174/200 批，股票代碼 1732.TW 到 1732.TW
[2025-05-27 00:59:05] 
正在更新 1732.TW...
[2025-05-27 00:59:05] 
當前請求限制狀態:
GET 請求限制:
  每分鐘: 4/60 (剩餘: 56)
  每小時: 174/360 (剩餘: 186)
  每天: 174/8000 (剩餘: 7826)
[2025-05-27 00:59:06] 成功更新 1732.TW
[2025-05-27 00:59:11] 已保存 1 筆數據到 data\raw\interim_results_20250527_001256.csv
[2025-05-27 00:59:11] 等待 10 秒後處理下一批...
[2025-05-27 00:59:21] 
處理第 175/200 批，股票代碼 1733.TW 到 1733.TW
[2025-05-27 00:59:21] 
正在更新 1733.TW...
[2025-05-27 00:59:21] 
當前請求限制狀態:
GET 請求限制:
  每分鐘: 4/60 (剩餘: 56)
  每小時: 175/360 (剩餘: 185)
  每天: 175/8000 (剩餘: 7825)
[2025-05-27 00:59:22] 成功更新 1733.TW
[2025-05-27 00:59:27] 已保存 1 筆數據到 data\raw\interim_results_20250527_001256.csv
[2025-05-27 00:59:27] 等待 10 秒後處理下一批...
[2025-05-27 00:59:37] 
處理第 176/200 批，股票代碼 1734.TW 到 1734.TW
[2025-05-27 00:59:37] 
正在更新 1734.TW...
[2025-05-27 00:59:37] 
當前請求限制狀態:
GET 請求限制:
  每分鐘: 4/60 (剩餘: 56)
  每小時: 176/360 (剩餘: 184)
  每天: 176/8000 (剩餘: 7824)
[2025-05-27 00:59:38] 成功更新 1734.TW
[2025-05-27 00:59:43] 已保存 1 筆數據到 data\raw\interim_results_20250527_001256.csv
[2025-05-27 00:59:43] 等待 10 秒後處理下一批...
[2025-05-27 00:59:53] 
處理第 177/200 批，股票代碼 1735.TW 到 1735.TW
[2025-05-27 00:59:53] 
正在更新 1735.TW...
[2025-05-27 00:59:53] 
當前請求限制狀態:
GET 請求限制:
  每分鐘: 4/60 (剩餘: 56)
  每小時: 177/360 (剩餘: 183)
  每天: 177/8000 (剩餘: 7823)
[2025-05-27 00:59:54] 成功更新 1735.TW
[2025-05-27 00:59:59] 已保存 1 筆數據到 data\raw\interim_results_20250527_001256.csv
[2025-05-27 00:59:59] 等待 10 秒後處理下一批...
[2025-05-27 01:00:09] 
處理第 178/200 批，股票代碼 1736.TW 到 1736.TW
[2025-05-27 01:00:09] 
正在更新 1736.TW...
[2025-05-27 01:00:09] 
當前請求限制狀態:
GET 請求限制:
  每分鐘: 4/60 (剩餘: 56)
  每小時: 178/360 (剩餘: 182)
  每天: 178/8000 (剩餘: 7822)
[2025-05-27 01:00:10] 成功更新 1736.TW
[2025-05-27 01:00:15] 已保存 1 筆數據到 data\raw\interim_results_20250527_001256.csv
[2025-05-27 01:00:15] 等待 10 秒後處理下一批...
[2025-05-27 01:00:25] 
處理第 179/200 批，股票代碼 1737.TW 到 1737.TW
[2025-05-27 01:00:25] 
正在更新 1737.TW...
[2025-05-27 01:00:25] 
當前請求限制狀態:
GET 請求限制:
  每分鐘: 4/60 (剩餘: 56)
  每小時: 179/360 (剩餘: 181)
  每天: 179/8000 (剩餘: 7821)
[2025-05-27 01:00:26] 成功更新 1737.TW
[2025-05-27 01:00:31] 已保存 1 筆數據到 data\raw\interim_results_20250527_001256.csv
[2025-05-27 01:00:31] 等待 10 秒後處理下一批...
[2025-05-27 01:00:41] 
處理第 180/200 批，股票代碼 1752.TW 到 1752.TW
[2025-05-27 01:00:41] 
正在更新 1752.TW...
[2025-05-27 01:00:41] 
當前請求限制狀態:
GET 請求限制:
  每分鐘: 4/60 (剩餘: 56)
  每小時: 180/360 (剩餘: 180)
  每天: 180/8000 (剩餘: 7820)
[2025-05-27 01:00:42] 成功更新 1752.TW
[2025-05-27 01:00:47] 已保存 1 筆數據到 data\raw\interim_results_20250527_001256.csv
[2025-05-27 01:00:47] 等待 10 秒後處理下一批...
[2025-05-27 01:00:57] 
處理第 181/200 批，股票代碼 1760.TW 到 1760.TW
[2025-05-27 01:00:57] 
正在更新 1760.TW...
[2025-05-27 01:00:57] 
當前請求限制狀態:
GET 請求限制:
  每分鐘: 4/60 (剩餘: 56)
  每小時: 181/360 (剩餘: 179)
  每天: 181/8000 (剩餘: 7819)
[2025-05-27 01:00:58] 成功更新 1760.TW
[2025-05-27 01:01:03] 已保存 1 筆數據到 data\raw\interim_results_20250527_001256.csv
[2025-05-27 01:01:03] 等待 10 秒後處理下一批...
[2025-05-27 01:01:13] 
處理第 182/200 批，股票代碼 1762.TW 到 1762.TW
[2025-05-27 01:01:13] 
正在更新 1762.TW...
[2025-05-27 01:01:13] 
當前請求限制狀態:
GET 請求限制:
  每分鐘: 4/60 (剩餘: 56)
  每小時: 182/360 (剩餘: 178)
  每天: 182/8000 (剩餘: 7818)
[2025-05-27 01:01:13] 成功更新 1762.TW
[2025-05-27 01:01:19] 已保存 1 筆數據到 data\raw\interim_results_20250527_001256.csv
[2025-05-27 01:01:19] 等待 10 秒後處理下一批...
[2025-05-27 01:01:29] 
處理第 183/200 批，股票代碼 1773.TW 到 1773.TW
[2025-05-27 01:01:29] 
正在更新 1773.TW...
[2025-05-27 01:01:29] 
當前請求限制狀態:
GET 請求限制:
  每分鐘: 4/60 (剩餘: 56)
  每小時: 183/360 (剩餘: 177)
  每天: 183/8000 (剩餘: 7817)
[2025-05-27 01:01:29] 成功更新 1773.TW
[2025-05-27 01:01:35] 已保存 1 筆數據到 data\raw\interim_results_20250527_001256.csv
[2025-05-27 01:01:35] 等待 10 秒後處理下一批...
[2025-05-27 01:01:45] 
處理第 184/200 批，股票代碼 1776.TW 到 1776.TW
[2025-05-27 01:01:45] 
正在更新 1776.TW...
[2025-05-27 01:01:45] 
當前請求限制狀態:
GET 請求限制:
  每分鐘: 4/60 (剩餘: 56)
  每小時: 184/360 (剩餘: 176)
  每天: 184/8000 (剩餘: 7816)
[2025-05-27 01:01:45] 成功更新 1776.TW
[2025-05-27 01:01:51] 已保存 1 筆數據到 data\raw\interim_results_20250527_001256.csv
[2025-05-27 01:01:51] 等待 10 秒後處理下一批...
[2025-05-27 01:02:01] 
處理第 185/200 批，股票代碼 1783.TW 到 1783.TW
[2025-05-27 01:02:01] 
正在更新 1783.TW...
[2025-05-27 01:02:01] 
當前請求限制狀態:
GET 請求限制:
  每分鐘: 4/60 (剩餘: 56)
  每小時: 185/360 (剩餘: 175)
  每天: 185/8000 (剩餘: 7815)
[2025-05-27 01:02:01] 成功更新 1783.TW
[2025-05-27 01:02:07] 已保存 1 筆數據到 data\raw\interim_results_20250527_001256.csv
[2025-05-27 01:02:07] 等待 10 秒後處理下一批...
[2025-05-27 01:02:17] 
處理第 186/200 批，股票代碼 1786.TW 到 1786.TW
[2025-05-27 01:02:17] 
正在更新 1786.TW...
[2025-05-27 01:02:17] 
當前請求限制狀態:
GET 請求限制:
  每分鐘: 4/60 (剩餘: 56)
  每小時: 186/360 (剩餘: 174)
  每天: 186/8000 (剩餘: 7814)
[2025-05-27 01:02:17] 成功更新 1786.TW
[2025-05-27 01:02:22] 已保存 1 筆數據到 data\raw\interim_results_20250527_001256.csv
[2025-05-27 01:02:22] 等待 10 秒後處理下一批...
[2025-05-27 01:02:32] 
處理第 187/200 批，股票代碼 1789.TW 到 1789.TW
[2025-05-27 01:02:32] 
正在更新 1789.TW...
[2025-05-27 01:02:32] 
當前請求限制狀態:
GET 請求限制:
  每分鐘: 4/60 (剩餘: 56)
  每小時: 187/360 (剩餘: 173)
  每天: 187/8000 (剩餘: 7813)
[2025-05-27 01:02:33] 成功更新 1789.TW
[2025-05-27 01:02:38] 已保存 1 筆數據到 data\raw\interim_results_20250527_001256.csv
[2025-05-27 01:02:38] 等待 10 秒後處理下一批...
[2025-05-27 01:02:48] 
處理第 188/200 批，股票代碼 1795.TW 到 1795.TW
[2025-05-27 01:02:48] 
正在更新 1795.TW...
[2025-05-27 01:02:48] 
當前請求限制狀態:
GET 請求限制:
  每分鐘: 4/60 (剩餘: 56)
  每小時: 188/360 (剩餘: 172)
  每天: 188/8000 (剩餘: 7812)
[2025-05-27 01:02:49] 成功更新 1795.TW
[2025-05-27 01:02:54] 已保存 1 筆數據到 data\raw\interim_results_20250527_001256.csv
[2025-05-27 01:02:54] 等待 10 秒後處理下一批...
[2025-05-27 01:03:04] 
處理第 189/200 批，股票代碼 1802.TW 到 1802.TW
[2025-05-27 01:03:04] 
正在更新 1802.TW...
[2025-05-27 01:03:04] 
當前請求限制狀態:
GET 請求限制:
  每分鐘: 4/60 (剩餘: 56)
  每小時: 189/360 (剩餘: 171)
  每天: 189/8000 (剩餘: 7811)
[2025-05-27 01:03:05] 成功更新 1802.TW
[2025-05-27 01:03:10] 已保存 1 筆數據到 data\raw\interim_results_20250527_001256.csv
[2025-05-27 01:03:10] 等待 10 秒後處理下一批...
[2025-05-27 01:03:20] 
處理第 190/200 批，股票代碼 1805.TW 到 1805.TW
[2025-05-27 01:03:20] 
正在更新 1805.TW...
[2025-05-27 01:03:20] 
當前請求限制狀態:
GET 請求限制:
  每分鐘: 4/60 (剩餘: 56)
  每小時: 190/360 (剩餘: 170)
  每天: 190/8000 (剩餘: 7810)
[2025-05-27 01:03:21] 成功更新 1805.TW
[2025-05-27 01:03:26] 已保存 1 筆數據到 data\raw\interim_results_20250527_001256.csv
[2025-05-27 01:03:26] 等待 10 秒後處理下一批...
[2025-05-27 01:03:36] 
處理第 191/200 批，股票代碼 1806.TW 到 1806.TW
[2025-05-27 01:03:36] 
正在更新 1806.TW...
[2025-05-27 01:03:36] 
當前請求限制狀態:
GET 請求限制:
  每分鐘: 4/60 (剩餘: 56)
  每小時: 191/360 (剩餘: 169)
  每天: 191/8000 (剩餘: 7809)
[2025-05-27 01:03:37] 成功更新 1806.TW
[2025-05-27 01:03:42] 已保存 1 筆數據到 data\raw\interim_results_20250527_001256.csv
[2025-05-27 01:03:42] 等待 10 秒後處理下一批...
[2025-05-27 01:03:52] 
處理第 192/200 批，股票代碼 1808.TW 到 1808.TW
[2025-05-27 01:03:52] 
正在更新 1808.TW...
[2025-05-27 01:03:52] 
當前請求限制狀態:
GET 請求限制:
  每分鐘: 4/60 (剩餘: 56)
  每小時: 192/360 (剩餘: 168)
  每天: 192/8000 (剩餘: 7808)
[2025-05-27 01:03:53] 成功更新 1808.TW
[2025-05-27 01:03:58] 已保存 1 筆數據到 data\raw\interim_results_20250527_001256.csv
[2025-05-27 01:03:58] 等待 10 秒後處理下一批...
[2025-05-27 01:04:08] 
處理第 193/200 批，股票代碼 1809.TW 到 1809.TW
[2025-05-27 01:04:08] 
正在更新 1809.TW...
[2025-05-27 01:04:08] 
當前請求限制狀態:
GET 請求限制:
  每分鐘: 4/60 (剩餘: 56)
  每小時: 193/360 (剩餘: 167)
  每天: 193/8000 (剩餘: 7807)
[2025-05-27 01:04:09] 成功更新 1809.TW
[2025-05-27 01:04:14] 已保存 1 筆數據到 data\raw\interim_results_20250527_001256.csv
[2025-05-27 01:04:14] 等待 10 秒後處理下一批...
[2025-05-27 01:04:24] 
處理第 194/200 批，股票代碼 1810.TW 到 1810.TW
[2025-05-27 01:04:24] 
正在更新 1810.TW...
[2025-05-27 01:04:24] 
當前請求限制狀態:
GET 請求限制:
  每分鐘: 4/60 (剩餘: 56)
  每小時: 194/360 (剩餘: 166)
  每天: 194/8000 (剩餘: 7806)
[2025-05-27 01:04:25] 成功更新 1810.TW
[2025-05-27 01:04:30] 已保存 1 筆數據到 data\raw\interim_results_20250527_001256.csv
[2025-05-27 01:04:30] 等待 10 秒後處理下一批...
[2025-05-27 01:04:40] 
處理第 195/200 批，股票代碼 1817.TW 到 1817.TW
[2025-05-27 01:04:40] 
正在更新 1817.TW...
[2025-05-27 01:04:40] 
當前請求限制狀態:
GET 請求限制:
  每分鐘: 4/60 (剩餘: 56)
  每小時: 195/360 (剩餘: 165)
  每天: 195/8000 (剩餘: 7805)
[2025-05-27 01:04:41] 成功更新 1817.TW
[2025-05-27 01:04:46] 已保存 1 筆數據到 data\raw\interim_results_20250527_001256.csv
[2025-05-27 01:04:46] 等待 10 秒後處理下一批...
[2025-05-27 01:04:56] 
處理第 196/200 批，股票代碼 1903.TW 到 1903.TW
[2025-05-27 01:04:56] 
正在更新 1903.TW...
[2025-05-27 01:04:56] 
當前請求限制狀態:
GET 請求限制:
  每分鐘: 4/60 (剩餘: 56)
  每小時: 196/360 (剩餘: 164)
  每天: 196/8000 (剩餘: 7804)
[2025-05-27 01:04:57] 成功更新 1903.TW
[2025-05-27 01:05:02] 已保存 1 筆數據到 data\raw\interim_results_20250527_001256.csv
[2025-05-27 01:05:02] 等待 10 秒後處理下一批...
[2025-05-27 01:05:12] 
處理第 197/200 批，股票代碼 1904.TW 到 1904.TW
[2025-05-27 01:05:12] 
正在更新 1904.TW...
[2025-05-27 01:05:12] 
當前請求限制狀態:
GET 請求限制:
  每分鐘: 4/60 (剩餘: 56)
  每小時: 197/360 (剩餘: 163)
  每天: 197/8000 (剩餘: 7803)
[2025-05-27 01:05:13] 成功更新 1904.TW
[2025-05-27 01:05:18] 已保存 1 筆數據到 data\raw\interim_results_20250527_001256.csv
[2025-05-27 01:05:18] 等待 10 秒後處理下一批...
[2025-05-27 01:05:28] 
處理第 198/200 批，股票代碼 1905.TW 到 1905.TW
[2025-05-27 01:05:28] 
正在更新 1905.TW...
[2025-05-27 01:05:28] 
當前請求限制狀態:
GET 請求限制:
  每分鐘: 4/60 (剩餘: 56)
  每小時: 198/360 (剩餘: 162)
  每天: 198/8000 (剩餘: 7802)
[2025-05-27 01:05:28] 成功更新 1905.TW
[2025-05-27 01:05:34] 已保存 1 筆數據到 data\raw\interim_results_20250527_001256.csv
[2025-05-27 01:05:34] 等待 10 秒後處理下一批...
[2025-05-27 01:05:44] 
處理第 199/200 批，股票代碼 1906.TW 到 1906.TW
[2025-05-27 01:05:44] 
正在更新 1906.TW...
[2025-05-27 01:05:44] 
當前請求限制狀態:
GET 請求限制:
  每分鐘: 4/60 (剩餘: 56)
  每小時: 199/360 (剩餘: 161)
  每天: 199/8000 (剩餘: 7801)
[2025-05-27 01:05:44] 成功更新 1906.TW
[2025-05-27 01:05:50] 已保存 1 筆數據到 data\raw\interim_results_20250527_001256.csv
[2025-05-27 01:05:50] 等待 10 秒後處理下一批...
[2025-05-27 01:06:00] 
處理第 200/200 批，股票代碼 1907.TW 到 1907.TW
[2025-05-27 01:06:00] 
正在更新 1907.TW...
[2025-05-27 01:06:00] 
當前請求限制狀態:
GET 請求限制:
  每分鐘: 4/60 (剩餘: 56)
  每小時: 200/360 (剩餘: 160)
  每天: 200/8000 (剩餘: 7800)
[2025-05-27 01:06:00] 成功更新 1907.TW
[2025-05-27 01:06:05] 已保存 1 筆數據到 data\raw\interim_results_20250527_001256.csv
[2025-05-27 01:06:06] 
所有數據已保存到 data\processed\stock_data_20250527_001256.csv
