[2025-05-27 23:27:33] ✅ twstock 套件可用
[2025-05-27 23:27:33] 🚀 開始混合式真實股票數據爬取...
[2025-05-27 23:27:33] 📊 目標股票數: 26
[2025-05-27 23:27:33] 🔧 twstock 可用: 是
[2025-05-27 23:27:33] 
📈 處理 1/26: 2330 (台積電)
[2025-05-27 23:27:33] 正在獲取 2330 (台積電) 的真實數據...
[2025-05-27 23:27:36] ✅ 2330 twstock 數據獲取成功
[2025-05-27 23:27:36] ✅ 2330 API 數據獲取成功
[2025-05-27 23:27:36] ✅ 2330 綜合數據整理完成，數據來源: TWSTOCK, TWSE_API
[2025-05-27 23:27:38] 
📈 處理 2/26: 2317 (鴻海)
[2025-05-27 23:27:38] 正在獲取 2317 (鴻海) 的真實數據...
[2025-05-27 23:27:40] ✅ 2317 twstock 數據獲取成功
[2025-05-27 23:27:41] ✅ 2317 API 數據獲取成功
[2025-05-27 23:27:41] ✅ 2317 綜合數據整理完成，數據來源: TWSTOCK, TWSE_API
[2025-05-27 23:27:42] 
📈 處理 3/26: 2454 (聯發科)
[2025-05-27 23:27:42] 正在獲取 2454 (聯發科) 的真實數據...
[2025-05-27 23:27:45] ✅ 2454 twstock 數據獲取成功
[2025-05-27 23:27:45] ✅ 2454 API 數據獲取成功
[2025-05-27 23:27:45] ✅ 2454 綜合數據整理完成，數據來源: TWSTOCK, TWSE_API
[2025-05-27 23:27:47] 
📈 處理 4/26: 2891 (中信金)
[2025-05-27 23:27:47] 正在獲取 2891 (中信金) 的真實數據...
[2025-05-27 23:27:50] ✅ 2891 twstock 數據獲取成功
[2025-05-27 23:27:50] ✅ 2891 API 數據獲取成功
[2025-05-27 23:27:50] ✅ 2891 綜合數據整理完成，數據來源: TWSTOCK, TWSE_API
[2025-05-27 23:27:51] 
📈 處理 5/26: 2882 (國泰金)
[2025-05-27 23:27:51] 正在獲取 2882 (國泰金) 的真實數據...
[2025-05-27 23:27:54] ✅ 2882 twstock 數據獲取成功
[2025-05-27 23:27:54] ✅ 2882 API 數據獲取成功
[2025-05-27 23:27:54] ✅ 2882 綜合數據整理完成，數據來源: TWSTOCK, TWSE_API
[2025-05-27 23:27:56] 
📈 處理 6/26: 2881 (富邦金)
[2025-05-27 23:27:56] 正在獲取 2881 (富邦金) 的真實數據...
[2025-05-27 23:27:58] ✅ 2881 twstock 數據獲取成功
[2025-05-27 23:27:59] ✅ 2881 API 數據獲取成功
[2025-05-27 23:27:59] ✅ 2881 綜合數據整理完成，數據來源: TWSTOCK, TWSE_API
[2025-05-27 23:28:00] 
📈 處理 7/26: 2412 (中華電)
[2025-05-27 23:28:00] 正在獲取 2412 (中華電) 的真實數據...
[2025-05-27 23:28:03] ✅ 2412 twstock 數據獲取成功
[2025-05-27 23:28:03] ✅ 2412 API 數據獲取成功
[2025-05-27 23:28:03] ✅ 2412 綜合數據整理完成，數據來源: TWSTOCK, TWSE_API
[2025-05-27 23:28:05] 
📈 處理 8/26: 2002 (中鋼)
[2025-05-27 23:28:05] 正在獲取 2002 (中鋼) 的真實數據...
[2025-05-27 23:28:28] ✅ 2002 twstock 數據獲取成功
[2025-05-27 23:28:29] ✅ 2002 API 數據獲取成功
[2025-05-27 23:28:29] ✅ 2002 綜合數據整理完成，數據來源: TWSTOCK, TWSE_API
[2025-05-27 23:28:30] 
📈 處理 9/26: 1301 (台塑)
[2025-05-27 23:28:30] 正在獲取 1301 (台塑) 的真實數據...
[2025-05-27 23:28:33] ✅ 1301 twstock 數據獲取成功
[2025-05-27 23:28:33] ✅ 1301 API 數據獲取成功
[2025-05-27 23:28:33] ✅ 1301 綜合數據整理完成，數據來源: TWSTOCK, TWSE_API
[2025-05-27 23:28:34] 
📈 處理 10/26: 2308 (台達電)
[2025-05-27 23:28:34] 正在獲取 2308 (台達電) 的真實數據...
[2025-05-27 23:28:37] ✅ 2308 twstock 數據獲取成功
[2025-05-27 23:28:37] ✅ 2308 API 數據獲取成功
[2025-05-27 23:28:37] ✅ 2308 綜合數據整理完成，數據來源: TWSTOCK, TWSE_API
[2025-05-27 23:28:39] ⏳ 休息 5 秒...
[2025-05-27 23:28:44] 
📈 處理 11/26: 2382 (廣達)
[2025-05-27 23:28:44] 正在獲取 2382 (廣達) 的真實數據...
[2025-05-27 23:28:46] ✅ 2382 twstock 數據獲取成功
[2025-05-27 23:28:48] ✅ 2382 API 數據獲取成功
[2025-05-27 23:28:48] ✅ 2382 綜合數據整理完成，數據來源: TWSTOCK, TWSE_API
[2025-05-27 23:28:49] 
📈 處理 12/26: 2357 (華碩)
[2025-05-27 23:28:49] 正在獲取 2357 (華碩) 的真實數據...
[2025-05-27 23:29:34] ✅ 2357 twstock 數據獲取成功
[2025-05-27 23:29:34] ✅ 2357 API 數據獲取成功
[2025-05-27 23:29:34] ✅ 2357 綜合數據整理完成，數據來源: TWSTOCK, TWSE_API
[2025-05-27 23:29:36] 
📈 處理 13/26: 3711 (日月光投控)
[2025-05-27 23:29:36] 正在獲取 3711 (日月光投控) 的真實數據...
[2025-05-27 23:29:38] ✅ 3711 twstock 數據獲取成功
[2025-05-27 23:29:39] ✅ 3711 API 數據獲取成功
[2025-05-27 23:29:39] ✅ 3711 綜合數據整理完成，數據來源: TWSTOCK, TWSE_API
[2025-05-27 23:29:40] 
📈 處理 14/26: 2303 (聯電)
[2025-05-27 23:29:40] 正在獲取 2303 (聯電) 的真實數據...
[2025-05-27 23:29:43] ✅ 2303 twstock 數據獲取成功
[2025-05-27 23:29:43] ✅ 2303 API 數據獲取成功
[2025-05-27 23:29:43] ✅ 2303 綜合數據整理完成，數據來源: TWSTOCK, TWSE_API
[2025-05-27 23:29:45] 
📈 處理 15/26: 2327 (國巨)
[2025-05-27 23:29:45] 正在獲取 2327 (國巨) 的真實數據...
[2025-05-27 23:29:48] ✅ 2327 twstock 數據獲取成功
[2025-05-27 23:29:48] ✅ 2327 API 數據獲取成功
[2025-05-27 23:29:48] ✅ 2327 綜合數據整理完成，數據來源: TWSTOCK, TWSE_API
[2025-05-27 23:29:50] 
📈 處理 16/26: 2912 (統一超)
[2025-05-27 23:29:50] 正在獲取 2912 (統一超) 的真實數據...
[2025-05-27 23:29:52] ✅ 2912 twstock 數據獲取成功
[2025-05-27 23:29:53] ✅ 2912 API 數據獲取成功
[2025-05-27 23:29:53] ✅ 2912 綜合數據整理完成，數據來源: TWSTOCK, TWSE_API
[2025-05-27 23:29:54] 
📈 處理 17/26: 1216 (統一)
[2025-05-27 23:29:54] 正在獲取 1216 (統一) 的真實數據...
[2025-05-27 23:29:57] ✅ 1216 twstock 數據獲取成功
[2025-05-27 23:29:57] ✅ 1216 API 數據獲取成功
[2025-05-27 23:29:57] ✅ 1216 綜合數據整理完成，數據來源: TWSTOCK, TWSE_API
[2025-05-27 23:29:58] 
📈 處理 18/26: 2105 (正新)
[2025-05-27 23:29:58] 正在獲取 2105 (正新) 的真實數據...
[2025-05-27 23:30:01] ✅ 2105 twstock 數據獲取成功
[2025-05-27 23:30:02] ✅ 2105 API 數據獲取成功
[2025-05-27 23:30:02] ✅ 2105 綜合數據整理完成，數據來源: TWSTOCK, TWSE_API
[2025-05-27 23:30:03] 
📈 處理 19/26: 2207 (和泰車)
[2025-05-27 23:30:03] 正在獲取 2207 (和泰車) 的真實數據...
[2025-05-27 23:30:06] ✅ 2207 twstock 數據獲取成功
[2025-05-27 23:30:06] ✅ 2207 API 數據獲取成功
[2025-05-27 23:30:06] ✅ 2207 綜合數據整理完成，數據來源: TWSTOCK, TWSE_API
[2025-05-27 23:30:08] 
📈 處理 20/26: 3008 (大立光)
[2025-05-27 23:30:08] 正在獲取 3008 (大立光) 的真實數據...
[2025-05-27 23:30:10] ✅ 3008 twstock 數據獲取成功
[2025-05-27 23:30:10] ✅ 3008 API 數據獲取成功
[2025-05-27 23:30:10] ✅ 3008 綜合數據整理完成，數據來源: TWSTOCK, TWSE_API
[2025-05-27 23:30:12] ⏳ 休息 5 秒...
[2025-05-27 23:30:17] 
📈 處理 21/26: 2395 (研華)
[2025-05-27 23:30:17] 正在獲取 2395 (研華) 的真實數據...
[2025-05-27 23:30:21] ✅ 2395 twstock 數據獲取成功
[2025-05-27 23:30:22] ✅ 2395 API 數據獲取成功
[2025-05-27 23:30:22] ✅ 2395 綜合數據整理完成，數據來源: TWSTOCK, TWSE_API
[2025-05-27 23:30:23] 
📈 處理 22/26: 2379 (瑞昱)
[2025-05-27 23:30:23] 正在獲取 2379 (瑞昱) 的真實數據...
[2025-05-27 23:30:25] ✅ 2379 twstock 數據獲取成功
[2025-05-27 23:30:26] ✅ 2379 API 數據獲取成功
[2025-05-27 23:30:26] ✅ 2379 綜合數據整理完成，數據來源: TWSTOCK, TWSE_API
[2025-05-27 23:30:27] 
📈 處理 23/26: 1303 (南亞)
[2025-05-27 23:30:27] 正在獲取 1303 (南亞) 的真實數據...
[2025-05-27 23:30:29] ✅ 1303 twstock 數據獲取成功
[2025-05-27 23:30:30] ✅ 1303 API 數據獲取成功
[2025-05-27 23:30:30] ✅ 1303 綜合數據整理完成，數據來源: TWSTOCK, TWSE_API
[2025-05-27 23:30:31] 
📈 處理 24/26: 2886 (兆豐金)
[2025-05-27 23:30:31] 正在獲取 2886 (兆豐金) 的真實數據...
[2025-05-27 23:30:33] ✅ 2886 twstock 數據獲取成功
[2025-05-27 23:30:34] ✅ 2886 API 數據獲取成功
[2025-05-27 23:30:34] ✅ 2886 綜合數據整理完成，數據來源: TWSTOCK, TWSE_API
[2025-05-27 23:30:35] 
📈 處理 25/26: 2884 (玉山金)
[2025-05-27 23:30:35] 正在獲取 2884 (玉山金) 的真實數據...
[2025-05-27 23:30:37] ✅ 2884 twstock 數據獲取成功
[2025-05-27 23:30:38] ✅ 2884 API 數據獲取成功
[2025-05-27 23:30:38] ✅ 2884 綜合數據整理完成，數據來源: TWSTOCK, TWSE_API
[2025-05-27 23:30:39] 
📈 處理 26/26: 6505 (台塑化)
[2025-05-27 23:30:39] 正在獲取 6505 (台塑化) 的真實數據...
[2025-05-27 23:30:41] ✅ 6505 twstock 數據獲取成功
[2025-05-27 23:30:42] ✅ 6505 API 數據獲取成功
[2025-05-27 23:30:42] ✅ 6505 綜合數據整理完成，數據來源: TWSTOCK, TWSE_API
[2025-05-27 23:30:43] 
📊 混合式真實數據爬取報告:
[2025-05-27 23:30:43] 總股票數: 26
[2025-05-27 23:30:43] 包含真實數據的股票: 26 支 (100.0%)
[2025-05-27 23:30:43] 數據來源統計:
[2025-05-27 23:30:43]   twstock 數據: 26 支
[2025-05-27 23:30:43]   TWSE API 數據: 26 支
[2025-05-27 23:30:43]   智能估算數據: 0 支
[2025-05-27 23:30:43] 包含當前股價的股票: 26 支 (100.0%)
[2025-05-27 23:30:43] ROE 有效數據: 26 支
[2025-05-27 23:30:43]   平均值: 15.58
[2025-05-27 23:30:43]   範圍: 9.60 ~ 26.40
[2025-05-27 23:30:43] EPS 有效數據: 26 支
[2025-05-27 23:30:43]   平均值: 23.31
[2025-05-27 23:30:43]   範圍: 1.46 ~ 173.45
[2025-05-27 23:30:43] 年營收成長率 有效數據: 25 支
[2025-05-27 23:30:43]   平均值: 10.48
[2025-05-27 23:30:43]   範圍: 3.52 ~ 34.82
[2025-05-27 23:30:43] 月營收成長率 有效數據: 25 支
[2025-05-27 23:30:43]   平均值: 11.39
[2025-05-27 23:30:43]   範圍: 3.29 ~ 43.29
[2025-05-27 23:30:43] 
🏆 優質股票 (ROE>15%, EPS>2, 年成長>10%): 6 支
[2025-05-27 23:30:43] 前3名優質股票:
[2025-05-27 23:30:43]   2330.TW 台積電: ROE=26.40%, EPS=53.61, 股價: 965.0 (來源: TWSTOCK, TWSE_API)
[2025-05-27 23:30:43]   2454.TW 聯發科: ROE=18.00%, EPS=64.00, 股價: 1280.0 (來源: TWSTOCK, TWSE_API)
[2025-05-27 23:30:43]   2382.TW 廣達: ROE=18.00%, EPS=19.80, 股價: 266.0 (來源: TWSTOCK, TWSE_API)
[2025-05-27 23:30:43] 🎉 混合式真實數據爬取完成！文件保存至: hybrid_real_stock_data_20250527_233043.csv
