[2025-05-27 23:15:08] ⚠️ twstock 套件未安裝，將嘗試其他數據來源
[2025-05-27 23:15:08] 正在安裝 twstock...
[2025-05-27 23:15:12] ✅ twstock 安裝成功
[2025-05-27 23:15:12] 🚀 開始混合式真實股票數據爬取...
[2025-05-27 23:15:12] 📊 目標股票數: 26
[2025-05-27 23:15:12] 🔧 twstock 可用: 是
[2025-05-27 23:15:12] 
📈 處理 1/26: 2330 (台積電)
[2025-05-27 23:15:12] 正在獲取 2330 (台積電) 的真實數據...
[2025-05-27 23:15:14] ✅ 2330 twstock 數據獲取成功
[2025-05-27 23:15:14] ✅ 2330 API 數據獲取成功
[2025-05-27 23:15:14] ✅ 2330 綜合數據整理完成，數據來源: TWSTOCK, TWSE_API
[2025-05-27 23:15:16] 
📈 處理 2/26: 2317 (鴻海)
[2025-05-27 23:15:16] 正在獲取 2317 (鴻海) 的真實數據...
[2025-05-27 23:15:19] ✅ 2317 twstock 數據獲取成功
[2025-05-27 23:15:19] ✅ 2317 API 數據獲取成功
[2025-05-27 23:15:19] ✅ 2317 綜合數據整理完成，數據來源: TWSTOCK, TWSE_API
[2025-05-27 23:15:21] 
📈 處理 3/26: 2454 (聯發科)
[2025-05-27 23:15:21] 正在獲取 2454 (聯發科) 的真實數據...
[2025-05-27 23:15:23] ✅ 2454 twstock 數據獲取成功
[2025-05-27 23:15:24] ✅ 2454 API 數據獲取成功
[2025-05-27 23:15:24] ✅ 2454 綜合數據整理完成，數據來源: TWSTOCK, TWSE_API
[2025-05-27 23:15:25] 
📈 處理 4/26: 2891 (中信金)
[2025-05-27 23:15:25] 正在獲取 2891 (中信金) 的真實數據...
[2025-05-27 23:15:27] ✅ 2891 twstock 數據獲取成功
[2025-05-27 23:15:28] ✅ 2891 API 數據獲取成功
[2025-05-27 23:15:28] ✅ 2891 綜合數據整理完成，數據來源: TWSTOCK, TWSE_API
[2025-05-27 23:15:29] 
📈 處理 5/26: 2882 (國泰金)
[2025-05-27 23:15:29] 正在獲取 2882 (國泰金) 的真實數據...
[2025-05-27 23:15:32] ✅ 2882 twstock 數據獲取成功
[2025-05-27 23:15:32] ✅ 2882 API 數據獲取成功
[2025-05-27 23:15:32] ✅ 2882 綜合數據整理完成，數據來源: TWSTOCK, TWSE_API
[2025-05-27 23:15:33] 
📈 處理 6/26: 2881 (富邦金)
[2025-05-27 23:15:33] 正在獲取 2881 (富邦金) 的真實數據...
[2025-05-27 23:15:36] ✅ 2881 twstock 數據獲取成功
[2025-05-27 23:15:36] ✅ 2881 API 數據獲取成功
[2025-05-27 23:15:36] ✅ 2881 綜合數據整理完成，數據來源: TWSTOCK, TWSE_API
[2025-05-27 23:15:38] 
📈 處理 7/26: 2412 (中華電)
[2025-05-27 23:15:38] 正在獲取 2412 (中華電) 的真實數據...
[2025-05-27 23:15:40] ✅ 2412 twstock 數據獲取成功
[2025-05-27 23:15:41] ✅ 2412 API 數據獲取成功
[2025-05-27 23:15:41] ✅ 2412 綜合數據整理完成，數據來源: TWSTOCK, TWSE_API
[2025-05-27 23:15:42] 
📈 處理 8/26: 2002 (中鋼)
[2025-05-27 23:15:42] 正在獲取 2002 (中鋼) 的真實數據...
[2025-05-27 23:15:48] ✅ 2002 twstock 數據獲取成功
[2025-05-27 23:15:48] ✅ 2002 API 數據獲取成功
[2025-05-27 23:15:48] ✅ 2002 綜合數據整理完成，數據來源: TWSTOCK, TWSE_API
[2025-05-27 23:15:50] 
📈 處理 9/26: 1301 (台塑)
[2025-05-27 23:15:50] 正在獲取 1301 (台塑) 的真實數據...
[2025-05-27 23:15:53] ✅ 1301 twstock 數據獲取成功
[2025-05-27 23:15:53] ✅ 1301 API 數據獲取成功
[2025-05-27 23:15:53] ✅ 1301 綜合數據整理完成，數據來源: TWSTOCK, TWSE_API
[2025-05-27 23:15:54] 
📈 處理 10/26: 2308 (台達電)
[2025-05-27 23:15:54] 正在獲取 2308 (台達電) 的真實數據...
[2025-05-27 23:15:57] ✅ 2308 twstock 數據獲取成功
[2025-05-27 23:15:57] ✅ 2308 API 數據獲取成功
[2025-05-27 23:15:57] ✅ 2308 綜合數據整理完成，數據來源: TWSTOCK, TWSE_API
[2025-05-27 23:15:58] ⏳ 休息 5 秒...
[2025-05-27 23:16:03] 
📈 處理 11/26: 2382 (廣達)
[2025-05-27 23:16:03] 正在獲取 2382 (廣達) 的真實數據...
[2025-05-27 23:16:06] ✅ 2382 twstock 數據獲取成功
[2025-05-27 23:16:06] ✅ 2382 API 數據獲取成功
[2025-05-27 23:16:06] ✅ 2382 綜合數據整理完成，數據來源: TWSTOCK, TWSE_API
[2025-05-27 23:16:08] 
📈 處理 12/26: 2357 (華碩)
[2025-05-27 23:16:08] 正在獲取 2357 (華碩) 的真實數據...
[2025-05-27 23:16:10] ✅ 2357 twstock 數據獲取成功
[2025-05-27 23:16:10] ✅ 2357 API 數據獲取成功
[2025-05-27 23:16:10] ✅ 2357 綜合數據整理完成，數據來源: TWSTOCK, TWSE_API
[2025-05-27 23:16:12] 
📈 處理 13/26: 3711 (日月光投控)
[2025-05-27 23:16:12] 正在獲取 3711 (日月光投控) 的真實數據...
[2025-05-27 23:16:14] ✅ 3711 twstock 數據獲取成功
[2025-05-27 23:16:15] ✅ 3711 API 數據獲取成功
[2025-05-27 23:16:15] ✅ 3711 綜合數據整理完成，數據來源: TWSTOCK, TWSE_API
[2025-05-27 23:16:16] 
📈 處理 14/26: 2303 (聯電)
[2025-05-27 23:16:16] 正在獲取 2303 (聯電) 的真實數據...
[2025-05-27 23:16:18] ✅ 2303 twstock 數據獲取成功
[2025-05-27 23:16:19] ✅ 2303 API 數據獲取成功
[2025-05-27 23:16:19] ✅ 2303 綜合數據整理完成，數據來源: TWSTOCK, TWSE_API
[2025-05-27 23:16:20] 
📈 處理 15/26: 2327 (國巨)
[2025-05-27 23:16:20] 正在獲取 2327 (國巨) 的真實數據...
[2025-05-27 23:16:23] ✅ 2327 twstock 數據獲取成功
[2025-05-27 23:16:23] ✅ 2327 API 數據獲取成功
[2025-05-27 23:16:23] ✅ 2327 綜合數據整理完成，數據來源: TWSTOCK, TWSE_API
[2025-05-27 23:16:24] 
📈 處理 16/26: 2912 (統一超)
[2025-05-27 23:16:24] 正在獲取 2912 (統一超) 的真實數據...
[2025-05-27 23:16:27] ✅ 2912 twstock 數據獲取成功
[2025-05-27 23:16:27] ✅ 2912 API 數據獲取成功
[2025-05-27 23:16:27] ✅ 2912 綜合數據整理完成，數據來源: TWSTOCK, TWSE_API
[2025-05-27 23:16:28] 
📈 處理 17/26: 1216 (統一)
[2025-05-27 23:16:28] 正在獲取 1216 (統一) 的真實數據...
[2025-05-27 23:16:31] ✅ 1216 twstock 數據獲取成功
[2025-05-27 23:16:31] ✅ 1216 API 數據獲取成功
[2025-05-27 23:16:31] ✅ 1216 綜合數據整理完成，數據來源: TWSTOCK, TWSE_API
[2025-05-27 23:16:33] 
📈 處理 18/26: 2105 (正新)
[2025-05-27 23:16:33] 正在獲取 2105 (正新) 的真實數據...
[2025-05-27 23:16:35] ✅ 2105 twstock 數據獲取成功
[2025-05-27 23:16:35] ✅ 2105 API 數據獲取成功
[2025-05-27 23:16:35] ✅ 2105 綜合數據整理完成，數據來源: TWSTOCK, TWSE_API
[2025-05-27 23:16:37] 
📈 處理 19/26: 2207 (和泰車)
[2025-05-27 23:16:37] 正在獲取 2207 (和泰車) 的真實數據...
[2025-05-27 23:16:39] ✅ 2207 twstock 數據獲取成功
[2025-05-27 23:16:39] ✅ 2207 API 數據獲取成功
[2025-05-27 23:16:39] ✅ 2207 綜合數據整理完成，數據來源: TWSTOCK, TWSE_API
[2025-05-27 23:16:41] 
📈 處理 20/26: 3008 (大立光)
[2025-05-27 23:16:41] 正在獲取 3008 (大立光) 的真實數據...
[2025-05-27 23:16:47] ✅ 3008 twstock 數據獲取成功
[2025-05-27 23:16:47] ✅ 3008 API 數據獲取成功
[2025-05-27 23:16:47] ✅ 3008 綜合數據整理完成，數據來源: TWSTOCK, TWSE_API
[2025-05-27 23:16:48] ⏳ 休息 5 秒...
[2025-05-27 23:16:53] 
📈 處理 21/26: 2395 (研華)
[2025-05-27 23:16:53] 正在獲取 2395 (研華) 的真實數據...
[2025-05-27 23:16:56] ✅ 2395 twstock 數據獲取成功
[2025-05-27 23:16:56] ✅ 2395 API 數據獲取成功
[2025-05-27 23:16:56] ✅ 2395 綜合數據整理完成，數據來源: TWSTOCK, TWSE_API
[2025-05-27 23:16:58] 
📈 處理 22/26: 2379 (瑞昱)
[2025-05-27 23:16:58] 正在獲取 2379 (瑞昱) 的真實數據...
[2025-05-27 23:17:00] ✅ 2379 twstock 數據獲取成功
[2025-05-27 23:17:01] ✅ 2379 API 數據獲取成功
[2025-05-27 23:17:01] ✅ 2379 綜合數據整理完成，數據來源: TWSTOCK, TWSE_API
[2025-05-27 23:17:02] 
📈 處理 23/26: 1303 (南亞)
[2025-05-27 23:17:02] 正在獲取 1303 (南亞) 的真實數據...
[2025-05-27 23:17:05] ✅ 1303 twstock 數據獲取成功
[2025-05-27 23:17:05] ✅ 1303 API 數據獲取成功
[2025-05-27 23:17:05] ✅ 1303 綜合數據整理完成，數據來源: TWSTOCK, TWSE_API
[2025-05-27 23:17:06] 
📈 處理 24/26: 2886 (兆豐金)
[2025-05-27 23:17:06] 正在獲取 2886 (兆豐金) 的真實數據...
[2025-05-27 23:17:51] ✅ 2886 twstock 數據獲取成功
[2025-05-27 23:17:51] ✅ 2886 API 數據獲取成功
[2025-05-27 23:17:51] ✅ 2886 綜合數據整理完成，數據來源: TWSTOCK, TWSE_API
[2025-05-27 23:17:53] 
📈 處理 25/26: 2884 (玉山金)
[2025-05-27 23:17:53] 正在獲取 2884 (玉山金) 的真實數據...
[2025-05-27 23:17:55] ✅ 2884 twstock 數據獲取成功
[2025-05-27 23:17:56] ✅ 2884 API 數據獲取成功
[2025-05-27 23:17:56] ✅ 2884 綜合數據整理完成，數據來源: TWSTOCK, TWSE_API
[2025-05-27 23:17:57] 
📈 處理 26/26: 6505 (台塑化)
[2025-05-27 23:17:57] 正在獲取 6505 (台塑化) 的真實數據...
[2025-05-27 23:17:59] ✅ 6505 twstock 數據獲取成功
[2025-05-27 23:18:00] ✅ 6505 API 數據獲取成功
[2025-05-27 23:18:00] ✅ 6505 綜合數據整理完成，數據來源: TWSTOCK, TWSE_API
[2025-05-27 23:18:01] 
📊 混合式真實數據爬取報告:
[2025-05-27 23:18:01] 總股票數: 26
[2025-05-27 23:18:01] 包含真實數據的股票: 26 支 (100.0%)
[2025-05-27 23:18:01] 數據來源統計:
[2025-05-27 23:18:01]   twstock 數據: 26 支
[2025-05-27 23:18:01]   TWSE API 數據: 26 支
[2025-05-27 23:18:01]   智能估算數據: 0 支
[2025-05-27 23:18:01] 包含當前股價的股票: 26 支 (100.0%)
[2025-05-27 23:18:01] ROE 有效數據: 26 支
[2025-05-27 23:18:01]   平均值: 15.58
[2025-05-27 23:18:01]   範圍: 9.60 ~ 26.40
[2025-05-27 23:18:01] EPS 有效數據: 26 支
[2025-05-27 23:18:01]   平均值: 24.43
[2025-05-27 23:18:01]   範圍: 1.15 ~ 220.96
[2025-05-27 23:18:01] 年營收成長率 有效數據: 26 支
[2025-05-27 23:18:01]   平均值: 10.55
[2025-05-27 23:18:01]   範圍: 0.46 ~ 31.32
[2025-05-27 23:18:01] 月營收成長率 有效數據: 26 支
[2025-05-27 23:18:01]   平均值: 10.68
[2025-05-27 23:18:01]   範圍: 0.56 ~ 30.77
[2025-05-27 23:18:01] 
🏆 優質股票 (ROE>15%, EPS>2, 年成長>10%): 5 支
[2025-05-27 23:18:01] 前3名優質股票:
[2025-05-27 23:18:01]   2330.TW 台積電: ROE=26.40%, EPS=53.61, 股價: 965.0 (來源: TWSTOCK, TWSE_API)
[2025-05-27 23:18:01]   2454.TW 聯發科: ROE=18.00%, EPS=64.00, 股價: 1280.0 (來源: TWSTOCK, TWSE_API)
[2025-05-27 23:18:01]   2308.TW 台達電: ROE=18.00%, EPS=21.27, 股價: 367.5 (來源: TWSTOCK, TWSE_API)
[2025-05-27 23:18:01] 🎉 混合式真實數據爬取完成！文件保存至: hybrid_real_stock_data_20250527_231801.csv
