[2025-05-27 22:41:24] 已生成台灣股票清單: 25 支股票
[2025-05-27 22:41:24] 🎯 嘗試創建包含真實數據的示例文件...
[2025-05-27 22:41:24] 嘗試獲取 2330.TW 的真實數據...
[2025-05-27 22:41:26] 遇到速率限制，等待 60 秒... (嘗試 1/3)
[2025-05-27 22:42:27] 遇到速率限制，等待 120 秒... (嘗試 2/3)
[2025-05-27 22:44:29] 遇到速率限制，等待 240 秒... (嘗試 3/3)
[2025-05-27 22:48:29] 已達最大重試次數，跳過此請求
[2025-05-27 22:48:29] ❌ 無法獲取 2330.TW 真實數據
[2025-05-27 22:48:29] 嘗試獲取 2317.TW 的真實數據...
[2025-05-27 22:48:32] 遇到速率限制，等待 60 秒... (嘗試 1/3)
[2025-05-27 22:49:34] 遇到速率限制，等待 120 秒... (嘗試 2/3)
[2025-05-27 22:51:36] 遇到速率限制，等待 240 秒... (嘗試 3/3)
[2025-05-27 22:55:36] 已達最大重試次數，跳過此請求
[2025-05-27 22:55:36] ❌ 無法獲取 2317.TW 真實數據
[2025-05-27 22:55:36] 嘗試獲取 2891.TW 的真實數據...
[2025-05-27 22:55:38] 遇到速率限制，等待 60 秒... (嘗試 1/3)
[2025-05-27 22:56:39] 遇到速率限制，等待 120 秒... (嘗試 2/3)
[2025-05-27 22:58:42] 遇到速率限制，等待 240 秒... (嘗試 3/3)
[2025-05-27 23:02:42] 已達最大重試次數，跳過此請求
[2025-05-27 23:02:42] ❌ 無法獲取 2891.TW 真實數據
[2025-05-27 23:02:42] ⚠️ 無法獲取真實數據，使用純假數據
[2025-05-27 23:02:42] 🎉 混合數據文件已創建: hybrid_stock_data_20250527_230242.csv
[2025-05-27 23:02:42] 
📊 數據統計報告:
[2025-05-27 23:02:42] 總股票數: 25
[2025-05-27 23:02:42] 有效 ROE 數據: 25 支 (100.0%)
[2025-05-27 23:02:42] 有效 EPS 數據: 23 支 (92.0%)
[2025-05-27 23:02:42] ROE 範圍: 3.65% ~ 37.23%
[2025-05-27 23:02:42] EPS 範圍: 0.21 ~ 5.69
[2025-05-27 23:02:42] 🏆 優質股票 (ROE>15%, EPS>0, 年成長>10%): 5 支
[2025-05-27 23:02:42] 前3名優質股票:
[2025-05-27 23:02:42]   2881.TW 富邦金: ROE=37.23%, EPS=3.79
[2025-05-27 23:02:42]   2395.TW 研華: ROE=21.33%, EPS=0.64
[2025-05-27 23:02:42]   2308.TW 台達電: ROE=19.01%, EPS=3.74
