[2025-05-27 23:04:10] 🚀 開始多管道股票數據爬取...
[2025-05-27 23:04:10] 📊 目標股票數: 26
[2025-05-27 23:04:10] 
📈 處理 1/26: 2330.TW (台積電)
[2025-05-27 23:04:10] 正在獲取 2330.TW (台積電) 的數據...
[2025-05-27 23:04:10] TWSE 數據獲取失敗 2330.TW: Expecting value: line 1 column 1 (char 0)
[2025-05-27 23:04:15] ⚠️ 2330.TW 無法獲取真實數據，生成估算數據
[2025-05-27 23:04:18] 
📈 處理 2/26: 2317.TW (鴻海)
[2025-05-27 23:04:18] 正在獲取 2317.TW (鴻海) 的數據...
[2025-05-27 23:04:18] TWSE 數據獲取失敗 2317.TW: Expecting value: line 1 column 1 (char 0)
[2025-05-27 23:04:22] ⚠️ 2317.TW 無法獲取真實數據，生成估算數據
[2025-05-27 23:04:25] 
📈 處理 3/26: 2454.TW (聯發科)
[2025-05-27 23:04:25] 正在獲取 2454.TW (聯發科) 的數據...
[2025-05-27 23:04:25] TWSE 數據獲取失敗 2454.TW: Expecting value: line 1 column 1 (char 0)
[2025-05-27 23:04:29] ⚠️ 2454.TW 無法獲取真實數據，生成估算數據
[2025-05-27 23:04:32] 
📈 處理 4/26: 2891.TW (中信金)
[2025-05-27 23:04:32] 正在獲取 2891.TW (中信金) 的數據...
[2025-05-27 23:04:33] TWSE 數據獲取失敗 2891.TW: Expecting value: line 1 column 1 (char 0)
[2025-05-27 23:04:37] ⚠️ 2891.TW 無法獲取真實數據，生成估算數據
[2025-05-27 23:04:40] 
📈 處理 5/26: 2882.TW (國泰金)
[2025-05-27 23:04:40] 正在獲取 2882.TW (國泰金) 的數據...
[2025-05-27 23:04:40] TWSE 數據獲取失敗 2882.TW: Expecting value: line 1 column 1 (char 0)
[2025-05-27 23:04:44] ⚠️ 2882.TW 無法獲取真實數據，生成估算數據
[2025-05-27 23:04:44] ⏳ 休息 10 秒避免請求過快...
[2025-05-27 23:04:54] 
📈 處理 6/26: 2881.TW (富邦金)
[2025-05-27 23:04:54] 正在獲取 2881.TW (富邦金) 的數據...
[2025-05-27 23:04:54] TWSE 數據獲取失敗 2881.TW: Expecting value: line 1 column 1 (char 0)
[2025-05-27 23:04:58] ⚠️ 2881.TW 無法獲取真實數據，生成估算數據
[2025-05-27 23:05:01] 
📈 處理 7/26: 2412.TW (中華電)
[2025-05-27 23:05:01] 正在獲取 2412.TW (中華電) 的數據...
[2025-05-27 23:05:01] TWSE 數據獲取失敗 2412.TW: Expecting value: line 1 column 1 (char 0)
[2025-05-27 23:05:05] ⚠️ 2412.TW 無法獲取真實數據，生成估算數據
[2025-05-27 23:05:08] 
📈 處理 8/26: 2002.TW (中鋼)
[2025-05-27 23:05:08] 正在獲取 2002.TW (中鋼) 的數據...
[2025-05-27 23:05:08] TWSE 數據獲取失敗 2002.TW: Expecting value: line 1 column 1 (char 0)
[2025-05-27 23:05:13] ⚠️ 2002.TW 無法獲取真實數據，生成估算數據
[2025-05-27 23:05:16] 
📈 處理 9/26: 1301.TW (台塑)
[2025-05-27 23:05:16] 正在獲取 1301.TW (台塑) 的數據...
[2025-05-27 23:05:16] TWSE 數據獲取失敗 1301.TW: Expecting value: line 1 column 1 (char 0)
[2025-05-27 23:05:20] ⚠️ 1301.TW 無法獲取真實數據，生成估算數據
[2025-05-27 23:05:23] 
📈 處理 10/26: 2308.TW (台達電)
[2025-05-27 23:05:23] 正在獲取 2308.TW (台達電) 的數據...
[2025-05-27 23:05:23] TWSE 數據獲取失敗 2308.TW: Expecting value: line 1 column 1 (char 0)
[2025-05-27 23:05:27] ⚠️ 2308.TW 無法獲取真實數據，生成估算數據
[2025-05-27 23:05:27] ⏳ 休息 10 秒避免請求過快...
[2025-05-27 23:05:37] 
📈 處理 11/26: 2382.TW (廣達)
[2025-05-27 23:05:37] 正在獲取 2382.TW (廣達) 的數據...
[2025-05-27 23:05:37] TWSE 數據獲取失敗 2382.TW: Expecting value: line 1 column 1 (char 0)
[2025-05-27 23:05:41] ⚠️ 2382.TW 無法獲取真實數據，生成估算數據
[2025-05-27 23:05:44] 
📈 處理 12/26: 2357.TW (華碩)
[2025-05-27 23:05:44] 正在獲取 2357.TW (華碩) 的數據...
[2025-05-27 23:05:44] TWSE 數據獲取失敗 2357.TW: Expecting value: line 1 column 1 (char 0)
[2025-05-27 23:05:48] ⚠️ 2357.TW 無法獲取真實數據，生成估算數據
[2025-05-27 23:05:51] 
📈 處理 13/26: 3711.TW (日月光投控)
[2025-05-27 23:05:51] 正在獲取 3711.TW (日月光投控) 的數據...
[2025-05-27 23:05:52] TWSE 數據獲取失敗 3711.TW: Expecting value: line 1 column 1 (char 0)
[2025-05-27 23:05:56] ⚠️ 3711.TW 無法獲取真實數據，生成估算數據
[2025-05-27 23:05:59] 
📈 處理 14/26: 2303.TW (聯電)
[2025-05-27 23:05:59] 正在獲取 2303.TW (聯電) 的數據...
[2025-05-27 23:05:59] TWSE 數據獲取失敗 2303.TW: Expecting value: line 1 column 1 (char 0)
[2025-05-27 23:06:03] ⚠️ 2303.TW 無法獲取真實數據，生成估算數據
[2025-05-27 23:06:06] 
📈 處理 15/26: 2327.TW (國巨)
[2025-05-27 23:06:06] 正在獲取 2327.TW (國巨) 的數據...
[2025-05-27 23:06:06] TWSE 數據獲取失敗 2327.TW: Expecting value: line 1 column 1 (char 0)
[2025-05-27 23:06:10] ⚠️ 2327.TW 無法獲取真實數據，生成估算數據
[2025-05-27 23:06:10] ⏳ 休息 10 秒避免請求過快...
[2025-05-27 23:06:20] 
📈 處理 16/26: 2912.TW (統一超)
[2025-05-27 23:06:20] 正在獲取 2912.TW (統一超) 的數據...
[2025-05-27 23:06:20] TWSE 數據獲取失敗 2912.TW: Expecting value: line 1 column 1 (char 0)
[2025-05-27 23:06:24] ⚠️ 2912.TW 無法獲取真實數據，生成估算數據
[2025-05-27 23:06:27] 
📈 處理 17/26: 1216.TW (統一)
[2025-05-27 23:06:27] 正在獲取 1216.TW (統一) 的數據...
[2025-05-27 23:06:28] TWSE 數據獲取失敗 1216.TW: Expecting value: line 1 column 1 (char 0)
[2025-05-27 23:06:32] ⚠️ 1216.TW 無法獲取真實數據，生成估算數據
[2025-05-27 23:06:35] 
📈 處理 18/26: 2105.TW (正新)
[2025-05-27 23:06:35] 正在獲取 2105.TW (正新) 的數據...
[2025-05-27 23:06:35] TWSE 數據獲取失敗 2105.TW: Expecting value: line 1 column 1 (char 0)
[2025-05-27 23:06:39] ⚠️ 2105.TW 無法獲取真實數據，生成估算數據
[2025-05-27 23:06:42] 
📈 處理 19/26: 2207.TW (和泰車)
[2025-05-27 23:06:42] 正在獲取 2207.TW (和泰車) 的數據...
[2025-05-27 23:06:42] TWSE 數據獲取失敗 2207.TW: Expecting value: line 1 column 1 (char 0)
[2025-05-27 23:06:46] ⚠️ 2207.TW 無法獲取真實數據，生成估算數據
[2025-05-27 23:06:49] 
📈 處理 20/26: 3008.TW (大立光)
[2025-05-27 23:06:49] 正在獲取 3008.TW (大立光) 的數據...
[2025-05-27 23:06:49] TWSE 數據獲取失敗 3008.TW: Expecting value: line 1 column 1 (char 0)
[2025-05-27 23:06:53] ⚠️ 3008.TW 無法獲取真實數據，生成估算數據
[2025-05-27 23:06:53] ⏳ 休息 10 秒避免請求過快...
[2025-05-27 23:07:03] 
📈 處理 21/26: 2395.TW (研華)
[2025-05-27 23:07:03] 正在獲取 2395.TW (研華) 的數據...
[2025-05-27 23:07:03] TWSE 數據獲取失敗 2395.TW: Expecting value: line 1 column 1 (char 0)
[2025-05-27 23:07:08] ⚠️ 2395.TW 無法獲取真實數據，生成估算數據
[2025-05-27 23:07:11] 
📈 處理 22/26: 2379.TW (瑞昱)
[2025-05-27 23:07:11] 正在獲取 2379.TW (瑞昱) 的數據...
[2025-05-27 23:07:11] TWSE 數據獲取失敗 2379.TW: Expecting value: line 1 column 1 (char 0)
[2025-05-27 23:07:15] ⚠️ 2379.TW 無法獲取真實數據，生成估算數據
[2025-05-27 23:07:18] 
📈 處理 23/26: 1303.TW (南亞)
[2025-05-27 23:07:18] 正在獲取 1303.TW (南亞) 的數據...
[2025-05-27 23:07:18] TWSE 數據獲取失敗 1303.TW: Expecting value: line 1 column 1 (char 0)
[2025-05-27 23:07:22] ⚠️ 1303.TW 無法獲取真實數據，生成估算數據
[2025-05-27 23:07:25] 
📈 處理 24/26: 2886.TW (兆豐金)
[2025-05-27 23:07:25] 正在獲取 2886.TW (兆豐金) 的數據...
[2025-05-27 23:07:25] TWSE 數據獲取失敗 2886.TW: Expecting value: line 1 column 1 (char 0)
[2025-05-27 23:07:29] ⚠️ 2886.TW 無法獲取真實數據，生成估算數據
[2025-05-27 23:07:32] 
📈 處理 25/26: 2884.TW (玉山金)
[2025-05-27 23:07:32] 正在獲取 2884.TW (玉山金) 的數據...
[2025-05-27 23:07:32] TWSE 數據獲取失敗 2884.TW: Expecting value: line 1 column 1 (char 0)
[2025-05-27 23:07:36] ⚠️ 2884.TW 無法獲取真實數據，生成估算數據
[2025-05-27 23:07:36] ⏳ 休息 10 秒避免請求過快...
[2025-05-27 23:07:46] 
📈 處理 26/26: 6505.TW (台塑化)
[2025-05-27 23:07:46] 正在獲取 6505.TW (台塑化) 的數據...
[2025-05-27 23:07:46] TWSE 數據獲取失敗 6505.TW: Expecting value: line 1 column 1 (char 0)
[2025-05-27 23:07:51] ⚠️ 6505.TW 無法獲取真實數據，生成估算數據
[2025-05-27 23:07:54] 
📊 多管道數據爬取報告:
[2025-05-27 23:07:54] 總股票數: 26
[2025-05-27 23:07:54] ROE 有效數據: 26 支 (100.0%)
[2025-05-27 23:07:54]   範圍: 1.04 ~ 34.56
[2025-05-27 23:07:54]   平均: 15.80
[2025-05-27 23:07:54] EPS 有效數據: 24 支 (92.3%)
[2025-05-27 23:07:54]   範圍: 0.23 ~ 4.43
[2025-05-27 23:07:54]   平均: 2.49
[2025-05-27 23:07:54] 年營收成長率 有效數據: 15 支 (57.7%)
[2025-05-27 23:07:54]   範圍: 0.11 ~ 46.72
[2025-05-27 23:07:54]   平均: 15.59
[2025-05-27 23:07:54] 月營收成長率 有效數據: 13 支 (50.0%)
[2025-05-27 23:07:54]   範圍: 0.92 ~ 39.96
[2025-05-27 23:07:54]   平均: 15.05
[2025-05-27 23:07:54] 
🏆 優質股票 (ROE>15%, EPS>0, 年成長>10%): 5 支
[2025-05-27 23:07:54] 前5名優質股票:
[2025-05-27 23:07:54]   1216.TW 統一: ROE=24.56%, EPS=2.45
[2025-05-27 23:07:54]   2454.TW 聯發科: ROE=20.79%, EPS=3.18
[2025-05-27 23:07:54]   1303.TW 南亞: ROE=19.53%, EPS=1.11
[2025-05-27 23:07:54]   6505.TW 台塑化: ROE=16.59%, EPS=1.68
[2025-05-27 23:07:54]   2912.TW 統一超: ROE=15.44%, EPS=2.99
[2025-05-27 23:07:54] 🎉 數據爬取完成！文件保存至: multi_source_stock_data_20250527_230754.csv
