[2025-05-27 23:12:40] 🚀 開始從 TWSE 爬取真實股票數據...
[2025-05-27 23:12:40] 📊 目標股票數: 26
[2025-05-27 23:12:40] 
📈 處理 1/26: 2330 (台積電)
[2025-05-27 23:12:40] 正在獲取 2330 (台積電) 的真實數據...
[2025-05-27 23:12:50] 股票基本資訊獲取失敗 2330: Expecting value: line 1 column 1 (char 0)
[2025-05-27 23:12:50] TWSE 價格數據獲取失敗 2330: Expecting value: line 1 column 1 (char 0)
[2025-05-27 23:12:50] TWSE 價格數據獲取失敗 2330: Expecting value: line 1 column 1 (char 0)
[2025-05-27 23:12:51] ✅ 2330 綜合數據整理完成，數據來源: ESTIMATED
[2025-05-27 23:12:54] 
📈 處理 2/26: 2317 (鴻海)
[2025-05-27 23:12:54] 正在獲取 2317 (鴻海) 的真實數據...
[2025-05-27 23:12:54] 股票基本資訊獲取失敗 2317: Expecting value: line 1 column 1 (char 0)
[2025-05-27 23:12:54] TWSE 價格數據獲取失敗 2317: Expecting value: line 1 column 1 (char 0)
[2025-05-27 23:12:54] TWSE 價格數據獲取失敗 2317: Expecting value: line 1 column 1 (char 0)
[2025-05-27 23:12:55] ✅ 2317 綜合數據整理完成，數據來源: ESTIMATED
[2025-05-27 23:12:58] 
📈 處理 3/26: 2454 (聯發科)
[2025-05-27 23:12:58] 正在獲取 2454 (聯發科) 的真實數據...
[2025-05-27 23:12:58] 股票基本資訊獲取失敗 2454: Expecting value: line 1 column 1 (char 0)
[2025-05-27 23:12:58] TWSE 價格數據獲取失敗 2454: Expecting value: line 1 column 1 (char 0)
[2025-05-27 23:12:58] TWSE 價格數據獲取失敗 2454: Expecting value: line 1 column 1 (char 0)
[2025-05-27 23:12:58] ✅ 2454 綜合數據整理完成，數據來源: ESTIMATED
[2025-05-27 23:13:01] 
📈 處理 4/26: 2891 (中信金)
[2025-05-27 23:13:01] 正在獲取 2891 (中信金) 的真實數據...
[2025-05-27 23:13:01] 股票基本資訊獲取失敗 2891: Expecting value: line 1 column 1 (char 0)
[2025-05-27 23:13:01] TWSE 價格數據獲取失敗 2891: Expecting value: line 1 column 1 (char 0)
[2025-05-27 23:13:01] TWSE 價格數據獲取失敗 2891: Expecting value: line 1 column 1 (char 0)
[2025-05-27 23:13:02] ✅ 2891 綜合數據整理完成，數據來源: ESTIMATED
[2025-05-27 23:13:05] 
📈 處理 5/26: 2882 (國泰金)
[2025-05-27 23:13:05] 正在獲取 2882 (國泰金) 的真實數據...
[2025-05-27 23:13:05] 股票基本資訊獲取失敗 2882: Expecting value: line 1 column 1 (char 0)
[2025-05-27 23:13:05] TWSE 價格數據獲取失敗 2882: Expecting value: line 1 column 1 (char 0)
[2025-05-27 23:13:05] TWSE 價格數據獲取失敗 2882: Expecting value: line 1 column 1 (char 0)
[2025-05-27 23:13:05] ✅ 2882 綜合數據整理完成，數據來源: ESTIMATED
[2025-05-27 23:13:08] ⏳ 休息 8 秒避免請求過快...
[2025-05-27 23:13:16] 
📈 處理 6/26: 2881 (富邦金)
[2025-05-27 23:13:16] 正在獲取 2881 (富邦金) 的真實數據...
[2025-05-27 23:13:16] 股票基本資訊獲取失敗 2881: Expecting value: line 1 column 1 (char 0)
[2025-05-27 23:13:16] TWSE 價格數據獲取失敗 2881: Expecting value: line 1 column 1 (char 0)
[2025-05-27 23:13:16] TWSE 價格數據獲取失敗 2881: Expecting value: line 1 column 1 (char 0)
[2025-05-27 23:13:17] ✅ 2881 綜合數據整理完成，數據來源: ESTIMATED
[2025-05-27 23:13:20] 
📈 處理 7/26: 2412 (中華電)
[2025-05-27 23:13:20] 正在獲取 2412 (中華電) 的真實數據...
[2025-05-27 23:13:20] 股票基本資訊獲取失敗 2412: Expecting value: line 1 column 1 (char 0)
[2025-05-27 23:13:20] TWSE 價格數據獲取失敗 2412: Expecting value: line 1 column 1 (char 0)
[2025-05-27 23:13:20] TWSE 價格數據獲取失敗 2412: Expecting value: line 1 column 1 (char 0)
[2025-05-27 23:13:20] ✅ 2412 綜合數據整理完成，數據來源: ESTIMATED
[2025-05-27 23:13:23] 
📈 處理 8/26: 2002 (中鋼)
[2025-05-27 23:13:23] 正在獲取 2002 (中鋼) 的真實數據...
[2025-05-27 23:13:23] 股票基本資訊獲取失敗 2002: Expecting value: line 1 column 1 (char 0)
[2025-05-27 23:13:23] TWSE 價格數據獲取失敗 2002: Expecting value: line 1 column 1 (char 0)
[2025-05-27 23:13:23] TWSE 價格數據獲取失敗 2002: Expecting value: line 1 column 1 (char 0)
[2025-05-27 23:13:23] ✅ 2002 綜合數據整理完成，數據來源: ESTIMATED
[2025-05-27 23:13:26] 
📈 處理 9/26: 1301 (台塑)
[2025-05-27 23:13:26] 正在獲取 1301 (台塑) 的真實數據...
[2025-05-27 23:13:27] 股票基本資訊獲取失敗 1301: Expecting value: line 1 column 1 (char 0)
[2025-05-27 23:13:27] TWSE 價格數據獲取失敗 1301: Expecting value: line 1 column 1 (char 0)
[2025-05-27 23:13:27] TWSE 價格數據獲取失敗 1301: Expecting value: line 1 column 1 (char 0)
[2025-05-27 23:13:27] ✅ 1301 綜合數據整理完成，數據來源: ESTIMATED
[2025-05-27 23:13:30] 
📈 處理 10/26: 2308 (台達電)
[2025-05-27 23:13:30] 正在獲取 2308 (台達電) 的真實數據...
[2025-05-27 23:13:30] 股票基本資訊獲取失敗 2308: Expecting value: line 1 column 1 (char 0)
[2025-05-27 23:13:30] TWSE 價格數據獲取失敗 2308: Expecting value: line 1 column 1 (char 0)
[2025-05-27 23:13:30] TWSE 價格數據獲取失敗 2308: Expecting value: line 1 column 1 (char 0)
[2025-05-27 23:13:30] ✅ 2308 綜合數據整理完成，數據來源: ESTIMATED
[2025-05-27 23:13:33] ⏳ 休息 8 秒避免請求過快...
[2025-05-27 23:13:41] 
📈 處理 11/26: 2382 (廣達)
[2025-05-27 23:13:41] 正在獲取 2382 (廣達) 的真實數據...
[2025-05-27 23:13:41] 股票基本資訊獲取失敗 2382: Expecting value: line 1 column 1 (char 0)
[2025-05-27 23:13:41] TWSE 價格數據獲取失敗 2382: Expecting value: line 1 column 1 (char 0)
[2025-05-27 23:13:42] TWSE 價格數據獲取失敗 2382: Expecting value: line 1 column 1 (char 0)
[2025-05-27 23:13:42] ✅ 2382 綜合數據整理完成，數據來源: ESTIMATED
[2025-05-27 23:13:45] 
📈 處理 12/26: 2357 (華碩)
[2025-05-27 23:13:45] 正在獲取 2357 (華碩) 的真實數據...
[2025-05-27 23:13:45] 股票基本資訊獲取失敗 2357: Expecting value: line 1 column 1 (char 0)
[2025-05-27 23:13:45] TWSE 價格數據獲取失敗 2357: Expecting value: line 1 column 1 (char 0)
[2025-05-27 23:13:45] TWSE 價格數據獲取失敗 2357: Expecting value: line 1 column 1 (char 0)
[2025-05-27 23:13:48] ✅ 2357 綜合數據整理完成，數據來源: ESTIMATED
[2025-05-27 23:13:51] 
📈 處理 13/26: 3711 (日月光投控)
[2025-05-27 23:13:51] 正在獲取 3711 (日月光投控) 的真實數據...
[2025-05-27 23:13:51] 股票基本資訊獲取失敗 3711: Expecting value: line 1 column 1 (char 0)
[2025-05-27 23:13:52] TWSE 價格數據獲取失敗 3711: Expecting value: line 1 column 1 (char 0)
[2025-05-27 23:13:52] TWSE 價格數據獲取失敗 3711: Expecting value: line 1 column 1 (char 0)
[2025-05-27 23:13:52] ✅ 3711 綜合數據整理完成，數據來源: ESTIMATED
[2025-05-27 23:13:55] 
📈 處理 14/26: 2303 (聯電)
[2025-05-27 23:13:55] 正在獲取 2303 (聯電) 的真實數據...
[2025-05-27 23:13:55] 股票基本資訊獲取失敗 2303: Expecting value: line 1 column 1 (char 0)
[2025-05-27 23:13:55] TWSE 價格數據獲取失敗 2303: Expecting value: line 1 column 1 (char 0)
[2025-05-27 23:13:55] TWSE 價格數據獲取失敗 2303: Expecting value: line 1 column 1 (char 0)
[2025-05-27 23:13:55] ✅ 2303 綜合數據整理完成，數據來源: ESTIMATED
[2025-05-27 23:13:58] 
📈 處理 15/26: 2327 (國巨)
[2025-05-27 23:13:58] 正在獲取 2327 (國巨) 的真實數據...
[2025-05-27 23:13:58] 股票基本資訊獲取失敗 2327: Expecting value: line 1 column 1 (char 0)
[2025-05-27 23:13:59] TWSE 價格數據獲取失敗 2327: Expecting value: line 1 column 1 (char 0)
[2025-05-27 23:13:59] TWSE 價格數據獲取失敗 2327: Expecting value: line 1 column 1 (char 0)
[2025-05-27 23:13:59] ✅ 2327 綜合數據整理完成，數據來源: ESTIMATED
[2025-05-27 23:14:02] ⏳ 休息 8 秒避免請求過快...
[2025-05-27 23:14:10] 
📈 處理 16/26: 2912 (統一超)
[2025-05-27 23:14:10] 正在獲取 2912 (統一超) 的真實數據...
[2025-05-27 23:14:10] 股票基本資訊獲取失敗 2912: Expecting value: line 1 column 1 (char 0)
[2025-05-27 23:14:10] TWSE 價格數據獲取失敗 2912: Expecting value: line 1 column 1 (char 0)
[2025-05-27 23:14:10] TWSE 價格數據獲取失敗 2912: Expecting value: line 1 column 1 (char 0)
[2025-05-27 23:14:11] ✅ 2912 綜合數據整理完成，數據來源: ESTIMATED
[2025-05-27 23:14:14] 
📈 處理 17/26: 1216 (統一)
[2025-05-27 23:14:14] 正在獲取 1216 (統一) 的真實數據...
[2025-05-27 23:14:14] 股票基本資訊獲取失敗 1216: Expecting value: line 1 column 1 (char 0)
[2025-05-27 23:14:14] TWSE 價格數據獲取失敗 1216: Expecting value: line 1 column 1 (char 0)
[2025-05-27 23:14:14] TWSE 價格數據獲取失敗 1216: Expecting value: line 1 column 1 (char 0)
[2025-05-27 23:14:14] ✅ 1216 綜合數據整理完成，數據來源: ESTIMATED
[2025-05-27 23:14:17] 
📈 處理 18/26: 2105 (正新)
[2025-05-27 23:14:17] 正在獲取 2105 (正新) 的真實數據...
[2025-05-27 23:14:17] 股票基本資訊獲取失敗 2105: Expecting value: line 1 column 1 (char 0)
[2025-05-27 23:14:17] TWSE 價格數據獲取失敗 2105: Expecting value: line 1 column 1 (char 0)
[2025-05-27 23:14:17] TWSE 價格數據獲取失敗 2105: Expecting value: line 1 column 1 (char 0)
[2025-05-27 23:14:18] ✅ 2105 綜合數據整理完成，數據來源: ESTIMATED
[2025-05-27 23:14:21] 
📈 處理 19/26: 2207 (和泰車)
[2025-05-27 23:14:21] 正在獲取 2207 (和泰車) 的真實數據...
[2025-05-27 23:14:21] 股票基本資訊獲取失敗 2207: Expecting value: line 1 column 1 (char 0)
[2025-05-27 23:14:21] TWSE 價格數據獲取失敗 2207: Expecting value: line 1 column 1 (char 0)
[2025-05-27 23:14:21] TWSE 價格數據獲取失敗 2207: Expecting value: line 1 column 1 (char 0)
[2025-05-27 23:14:21] ✅ 2207 綜合數據整理完成，數據來源: ESTIMATED
[2025-05-27 23:14:24] 
📈 處理 20/26: 3008 (大立光)
[2025-05-27 23:14:24] 正在獲取 3008 (大立光) 的真實數據...
[2025-05-27 23:14:24] 股票基本資訊獲取失敗 3008: Expecting value: line 1 column 1 (char 0)
[2025-05-27 23:14:24] TWSE 價格數據獲取失敗 3008: Expecting value: line 1 column 1 (char 0)
[2025-05-27 23:14:24] TWSE 價格數據獲取失敗 3008: Expecting value: line 1 column 1 (char 0)
[2025-05-27 23:14:25] ✅ 3008 綜合數據整理完成，數據來源: ESTIMATED
[2025-05-27 23:14:28] ⏳ 休息 8 秒避免請求過快...
[2025-05-27 23:14:36] 
📈 處理 21/26: 2395 (研華)
[2025-05-27 23:14:36] 正在獲取 2395 (研華) 的真實數據...
[2025-05-27 23:14:36] 股票基本資訊獲取失敗 2395: Expecting value: line 1 column 1 (char 0)
[2025-05-27 23:14:36] TWSE 價格數據獲取失敗 2395: Expecting value: line 1 column 1 (char 0)
[2025-05-27 23:14:36] TWSE 價格數據獲取失敗 2395: Expecting value: line 1 column 1 (char 0)
[2025-05-27 23:14:37] ✅ 2395 綜合數據整理完成，數據來源: ESTIMATED
[2025-05-27 23:14:40] 
📈 處理 22/26: 2379 (瑞昱)
[2025-05-27 23:14:40] 正在獲取 2379 (瑞昱) 的真實數據...
[2025-05-27 23:14:40] 股票基本資訊獲取失敗 2379: Expecting value: line 1 column 1 (char 0)
[2025-05-27 23:14:40] TWSE 價格數據獲取失敗 2379: Expecting value: line 1 column 1 (char 0)
[2025-05-27 23:14:40] TWSE 價格數據獲取失敗 2379: Expecting value: line 1 column 1 (char 0)
[2025-05-27 23:14:40] ✅ 2379 綜合數據整理完成，數據來源: ESTIMATED
[2025-05-27 23:14:43] 
📈 處理 23/26: 1303 (南亞)
[2025-05-27 23:14:43] 正在獲取 1303 (南亞) 的真實數據...
[2025-05-27 23:14:43] 股票基本資訊獲取失敗 1303: Expecting value: line 1 column 1 (char 0)
[2025-05-27 23:14:43] TWSE 價格數據獲取失敗 1303: Expecting value: line 1 column 1 (char 0)
[2025-05-27 23:14:43] TWSE 價格數據獲取失敗 1303: Expecting value: line 1 column 1 (char 0)
[2025-05-27 23:14:44] ✅ 1303 綜合數據整理完成，數據來源: ESTIMATED
[2025-05-27 23:14:47] 
📈 處理 24/26: 2886 (兆豐金)
[2025-05-27 23:14:47] 正在獲取 2886 (兆豐金) 的真實數據...
[2025-05-27 23:14:47] 股票基本資訊獲取失敗 2886: Expecting value: line 1 column 1 (char 0)
[2025-05-27 23:14:47] TWSE 價格數據獲取失敗 2886: Expecting value: line 1 column 1 (char 0)
[2025-05-27 23:14:47] TWSE 價格數據獲取失敗 2886: Expecting value: line 1 column 1 (char 0)
[2025-05-27 23:14:47] ✅ 2886 綜合數據整理完成，數據來源: ESTIMATED
[2025-05-27 23:14:50] 
📈 處理 25/26: 2884 (玉山金)
[2025-05-27 23:14:50] 正在獲取 2884 (玉山金) 的真實數據...
[2025-05-27 23:14:50] 股票基本資訊獲取失敗 2884: Expecting value: line 1 column 1 (char 0)
[2025-05-27 23:14:50] TWSE 價格數據獲取失敗 2884: Expecting value: line 1 column 1 (char 0)
[2025-05-27 23:14:50] TWSE 價格數據獲取失敗 2884: Expecting value: line 1 column 1 (char 0)
[2025-05-27 23:14:51] ✅ 2884 綜合數據整理完成，數據來源: ESTIMATED
[2025-05-27 23:14:54] ⏳ 休息 8 秒避免請求過快...
[2025-05-27 23:15:02] 
📈 處理 26/26: 6505 (台塑化)
[2025-05-27 23:15:02] 正在獲取 6505 (台塑化) 的真實數據...
[2025-05-27 23:15:02] 股票基本資訊獲取失敗 6505: Expecting value: line 1 column 1 (char 0)
[2025-05-27 23:15:02] TWSE 價格數據獲取失敗 6505: Expecting value: line 1 column 1 (char 0)
[2025-05-27 23:15:02] TWSE 價格數據獲取失敗 6505: Expecting value: line 1 column 1 (char 0)
[2025-05-27 23:15:02] ✅ 6505 綜合數據整理完成，數據來源: ESTIMATED
[2025-05-27 23:15:05] 
📊 TWSE 真實數據爬取報告:
[2025-05-27 23:15:05] 總股票數: 26
[2025-05-27 23:15:05] 包含真實數據的股票: 0 支 (0.0%)
[2025-05-27 23:15:05] 數據來源統計:
[2025-05-27 23:15:05]   TWSE 價格數據: 0 支
[2025-05-27 23:15:05]   MOPS 財務數據: 0 支
[2025-05-27 23:15:05]   智能估算數據: 26 支
[2025-05-27 23:15:05] ROE 有效數據: 26 支 (100.0%)
[2025-05-27 23:15:05]   範圍: 8.23 ~ 27.30
[2025-05-27 23:15:05] EPS 有效數據: 26 支 (100.0%)
[2025-05-27 23:15:05]   範圍: 1.01 ~ 5.77
[2025-05-27 23:15:05] 年營收成長率 有效數據: 24 支 (92.3%)
[2025-05-27 23:15:05]   範圍: 0.10 ~ 30.57
[2025-05-27 23:15:05] 月營收成長率 有效數據: 24 支 (92.3%)
[2025-05-27 23:15:05]   範圍: 0.14 ~ 34.23
[2025-05-27 23:15:05] 
🏆 優質股票 (ROE>15%, EPS>0, 年成長>10%): 7 支
[2025-05-27 23:15:05] 前3名優質股票:
[2025-05-27 23:15:05]   3711.TW 日月光投控: ROE=27.30%, EPS=2.54 (來源: ESTIMATED)
[2025-05-27 23:15:05]   2454.TW 聯發科: ROE=21.69%, EPS=5.77 (來源: ESTIMATED)
[2025-05-27 23:15:05]   2330.TW 台積電: ROE=18.97%, EPS=3.41 (來源: ESTIMATED)
[2025-05-27 23:15:05] 🎉 TWSE 真實數據爬取完成！文件保存至: twse_real_stock_data_20250527_231505.csv
